Memory (kb): 1876
Tensor parsing time: 0.215351s
Numeric precision: 2.7297e-07
Tensor shifting time: 0.010764s
Initial density maximization time: 0.0034254s
Initial sub-pattern discarding time: 0s
Nb of density-maximized patterns: 27
Further growing time: 4.6e-06s
Nb of grown patterns: 27
Amalgamation initialization time: 0.0009872s
Amalgamation time: 0.0019919s
Nb of patterns candidates for selection: 55
Numeric precision: 2.10335e-07
Tensor reduction time: 0.0007837s
Nb of selected patterns: 16
AICc: 522446.523389
Selection time: 0.0080077s
Total time: 0.245696s

Truncated quality:0.03072371415566682

Quality:0.03072371415566682
