Memory (kb): 1992
Tensor parsing time: 0.0140728s
Numeric precision: 7.37666e-09
Tensor shifting time: 0.0011248s
Initial density maximization time: 0.0121859s
Initial sub-pattern discarding time: 0s
Nb of density-maximized patterns: 520
Further growing time: 5.2e-06s
Nb of grown patterns: 520
Amalgamation initialization time: 0.0856643s
Amalgamation time: 0.201592s
Nb of patterns candidates for selection: 1219
Numeric precision: 7.19644e-09
Tensor reduction time: 0.0001675s
Nb of selected patterns: 107
AICc: 21109.6493869
Selection time: 0.0479851s
Total time: 0.3676635s

Truncated quality:0.2540229885057471

Quality:0.08310552214324768
