Memory (kb): 2012
Tensor parsing time: 0.0135956s
Numeric precision: 6.43549e-09
Tensor shifting time: 0.0016108s
Initial density maximization time: 0.0030155s
Initial sub-pattern discarding time: 0s
Nb of density-maximized patterns: 13
Further growing time: 4.4e-06s
Nb of grown patterns: 13
Amalgamation initialization time: 6.3e-05s
Amalgamation time: 7.87e-05s
Nb of patterns candidates for selection: 32
Numeric precision: 2.97459e-09
Tensor reduction time: 1.67e-05s
Nb of selected patterns: 5
AICc: 21063.641289
Selection time: 0.0001033s
Total time: 0.0231435s

Truncated quality:0.6623376623376623

Quality:0.6623376623376623
