Memory (kb): 2012
Tensor parsing time: 0.0135115s
Numeric precision: 5.13432e-09
Tensor shifting time: 0.0011625s
Initial density maximization time: 0.0035367s
Initial sub-pattern discarding time: 0s
Nb of density-maximized patterns: 4
Further growing time: 4.5e-06s
Nb of grown patterns: 4
Amalgamation initialization time: 8.6e-06s
Amalgamation time: 1.88e-05s
Nb of patterns candidates for selection: 42
Numeric precision: 4.39247e-09
Tensor reduction time: 2.93e-05s
Nb of selected patterns: 5
AICc: 15802.847088
Selection time: 0.0001325s
Total time: 0.0227927s

Truncated quality:1.0

Quality:1.0
