Memory (kb): 1988
Tensor parsing time: 0.0459935s
Numeric precision: 6.96276e-09
Tensor shifting time: 0.0029906s
Initial density maximization time: 0.0040521s
Initial sub-pattern discarding time: 0s
Nb of density-maximized patterns: 22
Further growing time: 4.8e-06s
Nb of grown patterns: 22
Amalgamation initialization time: 0.0001756s
Amalgamation time: 8.33e-05s
Nb of patterns candidates for selection: 116
Numeric precision: 4.78886e-09
Tensor reduction time: 2.4e-05s
Nb of selected patterns: 6
AICc: 82768.3431519
Selection time: 0.0002413s
Total time: 0.0578772s

Truncated quality:1.0

Quality:1.0
