Memory (kb): 2008
Tensor parsing time: 0.0149992s
Numeric precision: 7.20589e-09
Tensor shifting time: 0.0010605s
Initial density maximization time: 0.0031653s
Initial sub-pattern discarding time: 0s
Nb of density-maximized patterns: 5
Further growing time: 4.7e-06s
Nb of grown patterns: 5
Amalgamation initialization time: 1.23e-05s
Amalgamation time: 2.07e-05s
Nb of patterns candidates for selection: 9
Numeric precision: 1.71512e-09
Tensor reduction time: 1e-05s
Nb of selected patterns: 4
AICc: 22315.747886
Selection time: 5.89e-05s
Total time: 0.0238345s

Truncated quality:0.12098298676748583

Quality:0.12098298676748583
