Memory (kb): 1944
Tensor parsing time: 0.0138003s
Numeric precision: 6.66449e-09
Tensor shifting time: 0.0010122s
Initial density maximization time: 0.0021589s
Initial sub-pattern discarding time: 0s
Nb of density-maximized patterns: 17
Further growing time: 4.9e-06s
Nb of grown patterns: 17
Amalgamation initialization time: 0.0001236s
Amalgamation time: 0.0001877s
Nb of patterns candidates for selection: 32
Numeric precision: 4.82172e-09
Tensor reduction time: 1.97e-05s
Nb of selected patterns: 5
AICc: 15141.0292823
Selection time: 0.0001752s
Total time: 0.0209133s

Truncated quality:1.0

Quality:1.0
