Memory (kb): 2024
Tensor parsing time: 0.0144681s
Numeric precision: 6.08185e-09
Tensor shifting time: 0.0015347s
Initial density maximization time: 0.0038642s
Initial sub-pattern discarding time: 0s
Nb of density-maximized patterns: 54
Further growing time: 8.3e-06s
Nb of grown patterns: 54
Amalgamation initialization time: 0.001677s
Amalgamation time: 0.0005181s
Nb of patterns candidates for selection: 177
Numeric precision: 3.84585e-09
Tensor reduction time: 2.54e-05s
Nb of selected patterns: 8
AICc: 18485.8381753
Selection time: 0.000417s
Total time: 0.0258298s

Truncated quality:1.0

Quality:1.0
