Memory (kb): 1988
Tensor parsing time: 0.0130992s
Numeric precision: 6.43821e-09
Tensor shifting time: 0.0011762s
Initial density maximization time: 0.0041223s
Initial sub-pattern discarding time: 0s
Nb of density-maximized patterns: 34
Further growing time: 6.5e-06s
Nb of grown patterns: 34
Amalgamation initialization time: 0.0006106s
Amalgamation time: 0.0003532s
Nb of patterns candidates for selection: 82
Numeric precision: 3.32395e-09
Tensor reduction time: 2.3e-05s
Nb of selected patterns: 8
AICc: 20803.1602273
Selection time: 0.0002708s
Total time: 0.0245596s

Truncated quality:0.8695652173913043

Quality:0.8695652173913043
