Memory (kb): 1868
Tensor parsing time: 0.221705s
Numeric precision: 3.22031e-07
Tensor shifting time: 0.0104774s
Initial density maximization time: 13.3474s
Initial sub-pattern discarding time: 0s
Nb of density-maximized patterns: 4
Further growing time: 5.6e-06s
Nb of grown patterns: 4
Amalgamation initialization time: 0.0001187s
Amalgamation time: 0.0004183s
Nb of patterns candidates for selection: 63329
Numeric precision: 2.47577e-07
Tensor reduction time: 0.0163183s
Nb of selected patterns: 10
AICc: 403198.566468
Selection time: 1.9467895s
Total time: 15.5481814s

Truncated quality:0.03390894819466248

Quality:0.03390894819466248
