Memory (kb): 1992
Tensor parsing time: 0.01313s
Numeric precision: 6.46805e-09
Tensor shifting time: 0.00109s
Initial density maximization time: 0.002985s
Initial sub-pattern discarding time: 0s
Nb of density-maximized patterns: 12
Further growing time: 4.1e-06s
Nb of grown patterns: 12
Amalgamation initialization time: 5.83e-05s
Amalgamation time: 5.24e-05s
Nb of patterns candidates for selection: 28
Numeric precision: 2.63894e-09
Tensor reduction time: 1.35e-05s
Nb of selected patterns: 5
AICc: 21045.7608525
Selection time: 9.79e-05s
Total time: 0.0217713s

Truncated quality:0.4

Quality:0.4
