Memory (kb): 1952
Tensor parsing time: 0.0462315s
Numeric precision: 7.00085e-09
Tensor shifting time: 0.0028313s
Initial density maximization time: 0.0039431s
Initial sub-pattern discarding time: 0s
Nb of density-maximized patterns: 16
Further growing time: 3.7e-06s
Nb of grown patterns: 16
Amalgamation initialization time: 0.0001089s
Amalgamation time: 6.32e-05s
Nb of patterns candidates for selection: 82
Numeric precision: 4.59712e-09
Tensor reduction time: 2.28e-05s
Nb of selected patterns: 6
AICc: 82210.6036778
Selection time: 0.0002087s
Total time: 0.0577654s

Truncated quality:1.0

Quality:1.0
