Memory (kb): 1948
Tensor parsing time: 0.0172254s
Numeric precision: 5.1756e-09
Tensor shifting time: 0.0011123s
Initial density maximization time: 0.0029096s
Initial sub-pattern discarding time: 0s
Nb of density-maximized patterns: 6
Further growing time: 4.7e-06s
Nb of grown patterns: 6
Amalgamation initialization time: 1.96e-05s
Amalgamation time: 3.22e-05s
Nb of patterns candidates for selection: 15
Numeric precision: 4.82269e-09
Tensor reduction time: 2.69e-05s
Nb of selected patterns: 5
AICc: 13453.4196396
Selection time: 0.0001155s
Total time: 0.0258224s

Truncated quality:1.0

Quality:1.0
