Memory (kb): 1940
Tensor parsing time: 0.0219062s
Numeric precision: 7.12269e-09
Tensor shifting time: 0.0012807s
Initial density maximization time: 0.0076639s
Initial sub-pattern discarding time: 0s
Nb of density-maximized patterns: 337
Further growing time: 4.3e-06s
Nb of grown patterns: 337
Amalgamation initialization time: 0.0367555s
Amalgamation time: 0.0673799s
Nb of patterns candidates for selection: 810
Numeric precision: 6.46876e-09
Tensor reduction time: 0.0001102s
Nb of selected patterns: 78
AICc: 21095.6331798
Selection time: 0.0204388s
Total time: 0.1597117s

Truncated quality:0.14982164090368608

Quality:0.05294486215538847
