Memory (kb): 2044
Tensor parsing time: 0.0458169s
Numeric precision: 6.08535e-09
Tensor shifting time: 0.002788s
Initial density maximization time: 0.002471s
Initial sub-pattern discarding time: 0s
Nb of density-maximized patterns: 4
Further growing time: 3.8e-06s
Nb of grown patterns: 4
Amalgamation initialization time: 9.4e-06s
Amalgamation time: 2.86e-05s
Nb of patterns candidates for selection: 7
Numeric precision: 5.09075e-09
Tensor reduction time: 3.13e-05s
Nb of selected patterns: 6
AICc: 70593.9166962
Selection time: 7.72e-05s
Total time: 0.0549153s

Truncated quality:1.0

Quality:1.0
