Memory (kb): 2048
Tensor parsing time: 0.0456917s
Numeric precision: 5.89053e-09
Tensor shifting time: 0.0028193s
Initial density maximization time: 0.0031281s
Initial sub-pattern discarding time: 0s
Nb of density-maximized patterns: 4
Further growing time: 5e-06s
Nb of grown patterns: 4
Amalgamation initialization time: 9e-06s
Amalgamation time: 2.79e-05s
Nb of patterns candidates for selection: 7
Numeric precision: 4.98864e-09
Tensor reduction time: 3.37e-05s
Nb of selected patterns: 6
AICc: 70789.8724152
Selection time: 7.69e-05s
Total time: 0.0561436s

Truncated quality:1.0

Quality:1.0
