Memory (kb): 1944
Tensor parsing time: 0.013399s
Numeric precision: 5.75313e-09
Tensor shifting time: 0.0010555s
Initial density maximization time: 0.0044062s
Initial sub-pattern discarding time: 0s
Nb of density-maximized patterns: 71
Further growing time: 4.5e-06s
Nb of grown patterns: 71
Amalgamation initialization time: 0.0018908s
Amalgamation time: 0.000641s
Nb of patterns candidates for selection: 252
Numeric precision: 3.94512e-09
Tensor reduction time: 2.77e-05s
Nb of selected patterns: 5
AICc: 18854.7598538
Selection time: 0.000449s
Total time: 0.0259833s

Truncated quality:1.0

Quality:1.0
