Memory (kb): 2024
Tensor parsing time: 0.0132018s
Numeric precision: 5.93596e-09
Tensor shifting time: 0.0011374s
Initial density maximization time: 0.0036622s
Initial sub-pattern discarding time: 0s
Nb of density-maximized patterns: 39
Further growing time: 3.8e-06s
Nb of grown patterns: 39
Amalgamation initialization time: 0.0005223s
Amalgamation time: 0.0002888s
Nb of patterns candidates for selection: 124
Numeric precision: 3.73482e-09
Tensor reduction time: 2.23e-05s
Nb of selected patterns: 8
AICc: 18258.3458978
Selection time: 0.0003442s
Total time: 0.0235736s

Truncated quality:0.9523809523809523

Quality:0.9523809523809523
