Memory (kb): 1996
Tensor parsing time: 0.0453377s
Numeric precision: 5.89819e-09
Tensor shifting time: 0.0027636s
Initial density maximization time: 0.0027347s
Initial sub-pattern discarding time: 0s
Nb of density-maximized patterns: 4
Further growing time: 4.2e-06s
Nb of grown patterns: 4
Amalgamation initialization time: 8.6e-06s
Amalgamation time: 2.79e-05s
Nb of patterns candidates for selection: 7
Numeric precision: 5.00811e-09
Tensor reduction time: 3.48e-05s
Nb of selected patterns: 5
AICc: 67195.3405672
Selection time: 7.04e-05s
Total time: 0.0550421s

Truncated quality:1.0

Quality:1.0
