Memory (kb): 1928
Tensor parsing time: 0.0134167s
Numeric precision: 5.54639e-09
Tensor shifting time: 0.0011079s
Initial density maximization time: 0.0044258s
Initial sub-pattern discarding time: 0s
Nb of density-maximized patterns: 57
Further growing time: 3.3e-06s
Nb of grown patterns: 57
Amalgamation initialization time: 0.0012172s
Amalgamation time: 0.0003354s
Nb of patterns candidates for selection: 211
Numeric precision: 3.83863e-09
Tensor reduction time: 2.56e-05s
Nb of selected patterns: 7
AICc: 18564.8199122
Selection time: 0.0004649s
Total time: 0.0254079s

Truncated quality:1.0

Quality:1.0
