Memory (kb): 2036
Tensor parsing time: 0.0143243s
Numeric precision: 6.3004e-09
Tensor shifting time: 0.0011859s
Initial density maximization time: 0.0025662s
Initial sub-pattern discarding time: 0s
Nb of density-maximized patterns: 10
Further growing time: 5e-06s
Nb of grown patterns: 10
Amalgamation initialization time: 3.53e-05s
Amalgamation time: 5.09e-05s
Nb of patterns candidates for selection: 22
Numeric precision: 2.90677e-09
Tensor reduction time: 1.16e-05s
Nb of selected patterns: 4
AICc: 20897.9276664
Selection time: 8.25e-05s
Total time: 0.0228772s

Truncated quality:0.45454545454545453

Quality:0.45454545454545453
