Memory (kb): 2060
Tensor parsing time: 0.0453881s
Numeric precision: 1.19571e-08
Tensor shifting time: 0.0028933s
Initial density maximization time: 0.0048367s
Initial sub-pattern discarding time: 0s
Nb of density-maximized patterns: 77
Further growing time: 4.4e-06s
Nb of grown patterns: 77
Amalgamation initialization time: 0.0020391s
Amalgamation time: 0.0011676s
Nb of patterns candidates for selection: 243
Numeric precision: 4.03339e-09
Tensor reduction time: 3.79e-05s
Nb of selected patterns: 14
AICc: 105115.077561
Selection time: 0.0006009s
Total time: 0.0615076s

Truncated quality:0.9583333333333334

Quality:0.6487179487179487
