Memory (kb): 2056
Tensor parsing time: 0.0451186s
Numeric precision: 6.96676e-09
Tensor shifting time: 0.0028304s
Initial density maximization time: 0.0038438s
Initial sub-pattern discarding time: 0s
Nb of density-maximized patterns: 11
Further growing time: 4.1e-06s
Nb of grown patterns: 11
Amalgamation initialization time: 5.86e-05s
Amalgamation time: 5.41e-05s
Nb of patterns candidates for selection: 81
Numeric precision: 4.57065e-09
Tensor reduction time: 2.44e-05s
Nb of selected patterns: 5
AICc: 81325.3565954
Selection time: 0.000165s
Total time: 0.05647s

Truncated quality:1.0

Quality:1.0
