Memory (kb): 1904
Tensor parsing time: 0.049595s
Numeric precision: 1.18332e-08
Tensor shifting time: 0.0029215s
Initial density maximization time: 0.0034212s
Initial sub-pattern discarding time: 0s
Nb of density-maximized patterns: 25
Further growing time: 4.4e-06s
Nb of grown patterns: 25
Amalgamation initialization time: 0.0001897s
Amalgamation time: 0.0001819s
Nb of patterns candidates for selection: 44
Numeric precision: 2.79034e-09
Tensor reduction time: 1.58e-05s
Nb of selected patterns: 5
AICc: 105305.505986
Selection time: 0.0001167s
Total time: 0.0607724s

Truncated quality:0.4427083333333333

Quality:0.4427083333333333
