Memory (kb): 1996
Tensor parsing time: 0.0140018s
Numeric precision: 5.44915e-09
Tensor shifting time: 0.0010056s
Initial density maximization time: 0.003347s
Initial sub-pattern discarding time: 0s
Nb of density-maximized patterns: 42
Further growing time: 4.5e-06s
Nb of grown patterns: 42
Amalgamation initialization time: 0.0005928s
Amalgamation time: 0.0003891s
Nb of patterns candidates for selection: 95
Numeric precision: 3.65392e-09
Tensor reduction time: 2.25e-05s
Nb of selected patterns: 8
AICc: 18173.3265918
Selection time: 0.000239s
Total time: 0.0239082s

Truncated quality:0.9126984126984127

Quality:0.9126984126984127
