Memory (kb): 1872
Tensor parsing time: 0.0466639s
Numeric precision: 9.14045e-09
Tensor shifting time: 0.002943s
Initial density maximization time: 0.0034572s
Initial sub-pattern discarding time: 0s
Nb of density-maximized patterns: 55
Further growing time: 3.8e-06s
Nb of grown patterns: 55
Amalgamation initialization time: 0.0009911s
Amalgamation time: 0.0006664s
Nb of patterns candidates for selection: 162
Numeric precision: 3.98853e-09
Tensor reduction time: 2.71e-05s
Nb of selected patterns: 6
AICc: 94982.0827264
Selection time: 0.0003147s
Total time: 0.0589386s

Truncated quality:1.0

Quality:1.0
