Memory (kb): 1880
Tensor parsing time: 0.0136814s
Numeric precision: 5.5286e-09
Tensor shifting time: 0.0010676s
Initial density maximization time: 0.0036385s
Initial sub-pattern discarding time: 0s
Nb of density-maximized patterns: 50
Further growing time: 3.6e-06s
Nb of grown patterns: 50
Amalgamation initialization time: 0.0008491s
Amalgamation time: 0.0005558s
Nb of patterns candidates for selection: 162
Numeric precision: 4.16881e-09
Tensor reduction time: 2.17e-05s
Nb of selected patterns: 5
AICc: 18756.8767528
Selection time: 0.0002838s
Total time: 0.0240459s

Truncated quality:1.0

Quality:1.0
