Memory (kb): 1992
Tensor parsing time: 0.222023s
Numeric precision: 2.45533e-07
Tensor shifting time: 0.0108869s
Initial density maximization time: 0.0031553s
Initial sub-pattern discarding time: 0s
Nb of density-maximized patterns: 12
Further growing time: 4.1e-06s
Nb of grown patterns: 12
Amalgamation initialization time: 0.0002243s
Amalgamation time: 0.0007718s
Nb of patterns candidates for selection: 25
Numeric precision: 1.40856e-07
Tensor reduction time: 0.0006732s
Nb of selected patterns: 13
AICc: 526014.012032
Selection time: 0.0058807s
Total time: 0.2478927s

Truncated quality:0.02857142857142857

Quality:0.02857142857142857
