Memory (kb): 2024
Tensor parsing time: 0.0140507s
Numeric precision: 7.22322e-09
Tensor shifting time: 0.0010845s
Initial density maximization time: 0.0031858s
Initial sub-pattern discarding time: 0s
Nb of density-maximized patterns: 6
Further growing time: 4.8e-06s
Nb of grown patterns: 6
Amalgamation initialization time: 1.51e-05s
Amalgamation time: 2.76e-05s
Nb of patterns candidates for selection: 13
Numeric precision: 1.83221e-09
Tensor reduction time: 1.04e-05s
Nb of selected patterns: 4
AICc: 22331.4967776
Selection time: 6.78e-05s
Total time: 0.0232369s

Truncated quality:0.14285714285714285

Quality:0.14285714285714285
