Memory (kb): 1868
Tensor parsing time: 0.0144914s
Numeric precision: 7.2565e-09
Tensor shifting time: 0.001105s
Initial density maximization time: 0.0082362s
Initial sub-pattern discarding time: 0s
Nb of density-maximized patterns: 396
Further growing time: 4.8e-06s
Nb of grown patterns: 396
Amalgamation initialization time: 0.0498101s
Amalgamation time: 0.104275s
Nb of patterns candidates for selection: 942
Numeric precision: 6.57178e-09
Tensor reduction time: 0.000111s
Nb of selected patterns: 76
AICc: 21311.8492794
Selection time: 0.0244646s
Total time: 0.2071382s

Truncated quality:0.2913306451612903

Quality:0.061442006269592474
