Memory (kb): 2024
Tensor parsing time: 0.0445578s
Numeric precision: 6.96276e-09
Tensor shifting time: 0.0029272s
Initial density maximization time: 0.0030651s
Initial sub-pattern discarding time: 0s
Nb of density-maximized patterns: 4
Further growing time: 4.3e-06s
Nb of grown patterns: 4
Amalgamation initialization time: 1.03e-05s
Amalgamation time: 2.78e-05s
Nb of patterns candidates for selection: 20
Numeric precision: 4.78886e-09
Tensor reduction time: 3.18e-05s
Nb of selected patterns: 6
AICc: 82768.3431519
Selection time: 0.000102s
Total time: 0.0551787s

Truncated quality:1.0

Quality:1.0
