Memory (kb): 1944
Tensor parsing time: 0.0146477s
Numeric precision: 5.28639e-09
Tensor shifting time: 0.001117s
Initial density maximization time: 0.003266s
Initial sub-pattern discarding time: 0s
Nb of density-maximized patterns: 10
Further growing time: 4.3e-06s
Nb of grown patterns: 10
Amalgamation initialization time: 6.25e-05s
Amalgamation time: 9.39e-05s
Nb of patterns candidates for selection: 19
Numeric precision: 4.93107e-09
Tensor reduction time: 4.19e-05s
Nb of selected patterns: 5
AICc: 14648.6068525
Selection time: 0.0001492s
Total time: 0.0240884s

Truncated quality:1.0

Quality:1.0
