Memory (kb): 2000
Tensor parsing time: 0.0139995s
Numeric precision: 5.08974e-09
Tensor shifting time: 0.0011124s
Initial density maximization time: 0.0031732s
Initial sub-pattern discarding time: 0s
Nb of density-maximized patterns: 8
Further growing time: 4.8e-06s
Nb of grown patterns: 8
Amalgamation initialization time: 2.96e-05s
Amalgamation time: 2.76e-05s
Nb of patterns candidates for selection: 12
Numeric precision: 4.90391e-09
Tensor reduction time: 3.09e-05s
Nb of selected patterns: 5
AICc: 13591.7944175
Selection time: 7.96e-05s
Total time: 0.0228551s

Truncated quality:1.0

Quality:1.0
