Memory (kb): 1944
Tensor parsing time: 0.0485483s
Numeric precision: 9.26324e-09
Tensor shifting time: 0.0028671s
Initial density maximization time: 0.0041209s
Initial sub-pattern discarding time: 0s
Nb of density-maximized patterns: 31
Further growing time: 4.6e-06s
Nb of grown patterns: 31
Amalgamation initialization time: 0.0003714s
Amalgamation time: 0.0002699s
Nb of patterns candidates for selection: 114
Numeric precision: 3.99877e-09
Tensor reduction time: 5.05e-05s
Nb of selected patterns: 7
AICc: 95429.4963696
Selection time: 0.0003062s
Total time: 0.0610104s

Truncated quality:1.0

Quality:0.9565217391304348
