Memory (kb): 2016
Tensor parsing time: 0.013524s
Numeric precision: 6.45844e-09
Tensor shifting time: 0.0010764s
Initial density maximization time: 0.0031132s
Initial sub-pattern discarding time: 0s
Nb of density-maximized patterns: 27
Further growing time: 4.5e-06s
Nb of grown patterns: 27
Amalgamation initialization time: 0.0002644s
Amalgamation time: 0.000282s
Nb of patterns candidates for selection: 64
Numeric precision: 3.40663e-09
Tensor reduction time: 1.97e-05s
Nb of selected patterns: 11
AICc: 20848.155383
Selection time: 0.0002426s
Total time: 0.0228216s

Truncated quality:1.0

Quality:0.85
