Memory (kb): 1944
Tensor parsing time: 0.22104s
Numeric precision: 3.02713e-07
Tensor shifting time: 0.0111491s
Initial density maximization time: 27.1905s
Initial sub-pattern discarding time: 0s
Nb of density-maximized patterns: 130
Further growing time: 5.1e-06s
Nb of grown patterns: 130
Amalgamation initialization time: 0.0558371s
Amalgamation time: 0.0029339s
Nb of patterns candidates for selection: 261290
Numeric precision: 2.29964e-07
Tensor reduction time: 0.068541s
Nb of selected patterns: 24
AICc: 434993.246298
Selection time: 15.0537234s
Total time: 42.6082717s

Truncated quality:0.04260355029585799

Quality:0.04260355029585799
