Memory (kb): 2028
Tensor parsing time: 0.0137085s
Numeric precision: 7.27234e-09
Tensor shifting time: 0.0011809s
Initial density maximization time: 0.0095355s
Initial sub-pattern discarding time: 0s
Nb of density-maximized patterns: 452
Further growing time: 7.5e-06s
Nb of grown patterns: 452
Amalgamation initialization time: 0.0678492s
Amalgamation time: 0.139862s
Nb of patterns candidates for selection: 1051
Numeric precision: 6.42521e-09
Tensor reduction time: 0.0001151s
Nb of selected patterns: 75
AICc: 21198.3924147
Selection time: 0.0242026s
Total time: 0.2613137s

Truncated quality:0.21666666666666667

Quality:0.052525252525252523
