Memory (kb): 2024
Tensor parsing time: 0.0612105s
Numeric precision: 1.18321e-08
Tensor shifting time: 0.0031192s
Initial density maximization time: 0.004668s
Initial sub-pattern discarding time: 0s
Nb of density-maximized patterns: 50
Further growing time: 9.5e-06s
Nb of grown patterns: 50
Amalgamation initialization time: 0.0009875s
Amalgamation time: 0.0009823s
Nb of patterns candidates for selection: 194
Numeric precision: 4.11789e-09
Tensor reduction time: 4.14e-05s
Nb of selected patterns: 19
AICc: 104828.419063
Selection time: 0.0009883s
Total time: 0.0767066s

Truncated quality:0.96

Quality:0.5948275862068966
