Memory (kb): 2024
Tensor parsing time: 0.0191567s
Numeric precision: 5.08974e-09
Tensor shifting time: 0.0014751s
Initial density maximization time: 0.0030315s
Initial sub-pattern discarding time: 0s
Nb of density-maximized patterns: 7
Further growing time: 4.6e-06s
Nb of grown patterns: 7
Amalgamation initialization time: 2.43e-05s
Amalgamation time: 4.04e-05s
Nb of patterns candidates for selection: 16
Numeric precision: 4.90391e-09
Tensor reduction time: 2.62e-05s
Nb of selected patterns: 5
AICc: 13591.7944175
Selection time: 8.63e-05s
Total time: 0.0279905s

Truncated quality:1.0

Quality:1.0
