Memory (kb): 2036
Tensor parsing time: 0.015535s
Numeric precision: 6.35776e-09
Tensor shifting time: 0.0012445s
Initial density maximization time: 0.0045722s
Initial sub-pattern discarding time: 0s
Nb of density-maximized patterns: 68
Further growing time: 5.1e-06s
Nb of grown patterns: 68
Amalgamation initialization time: 0.0015355s
Amalgamation time: 0.0008081s
Nb of patterns candidates for selection: 165
Numeric precision: 3.44599e-09
Tensor reduction time: 4.89e-05s
Nb of selected patterns: 14
AICc: 20580.7852219
Selection time: 0.0006297s
Total time: 0.0290638s

Truncated quality:1.0

Quality:0.8768115942028986
