Memory (kb): 2044
Tensor parsing time: 0.0141993s
Numeric precision: 5.48668e-09
Tensor shifting time: 0.0010638s
Initial density maximization time: 0.004381s
Initial sub-pattern discarding time: 0s
Nb of density-maximized patterns: 35
Further growing time: 3.6e-06s
Nb of grown patterns: 35
Amalgamation initialization time: 0.0004372s
Amalgamation time: 0.000151s
Nb of patterns candidates for selection: 208
Numeric precision: 3.7876e-09
Tensor reduction time: 2.63e-05s
Nb of selected patterns: 6
AICc: 18654.6160513
Selection time: 0.0004081s
Total time: 0.0252408s

Truncated quality:1.0

Quality:1.0
