Memory (kb): 1948
Tensor parsing time: 0.0129985s
Numeric precision: 7.22215e-09
Tensor shifting time: 0.0013411s
Initial density maximization time: 0.0099832s
Initial sub-pattern discarding time: 0s
Nb of density-maximized patterns: 496
Further growing time: 4e-06s
Nb of grown patterns: 496
Amalgamation initialization time: 0.0740681s
Amalgamation time: 0.182092s
Nb of patterns candidates for selection: 1150
Numeric precision: 6.91188e-09
Tensor reduction time: 0.0001389s
Nb of selected patterns: 102
AICc: 20971.4422361
Selection time: 0.045911s
Total time: 0.330978s

Truncated quality:0.13240740740740742

Quality:0.05416666666666667
