Memory (kb): 2044
Tensor parsing time: 0.0131657s
Numeric precision: 6.83869e-09
Tensor shifting time: 0.0010819s
Initial density maximization time: 0.0036524s
Initial sub-pattern discarding time: 0s
Nb of density-maximized patterns: 23
Further growing time: 5.2e-06s
Nb of grown patterns: 23
Amalgamation initialization time: 0.0002218s
Amalgamation time: 0.000294s
Nb of patterns candidates for selection: 83
Numeric precision: 6.51953e-09
Tensor reduction time: 2.22e-05s
Nb of selected patterns: 5
AICc: 16537.9097099
Selection time: 0.0002114s
Total time: 0.0234171s

Truncated quality:1.0

Quality:1.0
