Memory (kb): 1916
Tensor parsing time: 0.0151715s
Numeric precision: 5.51584e-09
Tensor shifting time: 0.0011456s
Initial density maximization time: 0.0047037s
Initial sub-pattern discarding time: 0s
Nb of density-maximized patterns: 18
Further growing time: 5.3e-06s
Nb of grown patterns: 18
Amalgamation initialization time: 0.0001503s
Amalgamation time: 0.000115s
Nb of patterns candidates for selection: 166
Numeric precision: 3.8725e-09
Tensor reduction time: 3.63e-05s
Nb of selected patterns: 6
AICc: 18497.7443336
Selection time: 0.0003777s
Total time: 0.026228s

Truncated quality:1.0

Quality:1.0
