Memory (kb): 2048
Tensor parsing time: 0.0484194s
Numeric precision: 9.27101e-09
Tensor shifting time: 0.0027194s
Initial density maximization time: 0.0039851s
Initial sub-pattern discarding time: 0s
Nb of density-maximized patterns: 49
Further growing time: 4.7e-06s
Nb of grown patterns: 49
Amalgamation initialization time: 0.000841s
Amalgamation time: 0.0004104s
Nb of patterns candidates for selection: 172
Numeric precision: 3.99678e-09
Tensor reduction time: 4.34e-05s
Nb of selected patterns: 6
AICc: 95680.4845785
Selection time: 0.0003597s
Total time: 0.0604647s

Truncated quality:1.0

Quality:1.0
