Memory (kb): 1920
Tensor parsing time: 0.0136543s
Numeric precision: 5.14453e-09
Tensor shifting time: 0.0011284s
Initial density maximization time: 0.0032665s
Initial sub-pattern discarding time: 0s
Nb of density-maximized patterns: 4
Further growing time: 4.8e-06s
Nb of grown patterns: 4
Amalgamation initialization time: 1.07e-05s
Amalgamation time: 1.96e-05s
Nb of patterns candidates for selection: 14
Numeric precision: 4.91743e-09
Tensor reduction time: 2.71e-05s
Nb of selected patterns: 5
AICc: 13679.1495475
Selection time: 8.29e-05s
Total time: 0.0233702s

Truncated quality:1.0

Quality:1.0
