Memory (kb): 2044
Tensor parsing time: 0.0150795s
Numeric precision: 5.17379e-09
Tensor shifting time: 0.0011569s
Initial density maximization time: 0.0030389s
Initial sub-pattern discarding time: 0s
Nb of density-maximized patterns: 14
Further growing time: 4.4e-06s
Nb of grown patterns: 14
Amalgamation initialization time: 0.0001097s
Amalgamation time: 4.48e-05s
Nb of patterns candidates for selection: 26
Numeric precision: 4.85697e-09
Tensor reduction time: 1.75e-05s
Nb of selected patterns: 7
AICc: 14854.3775226
Selection time: 0.0001145s
Total time: 0.0241687s

Truncated quality:1.0

Quality:1.0
