Memory (kb): 1980
Tensor parsing time: 0.0148458s
Numeric precision: 6.40779e-09
Tensor shifting time: 0.0010952s
Initial density maximization time: 0.0033467s
Initial sub-pattern discarding time: 0s
Nb of density-maximized patterns: 5
Further growing time: 4.2e-06s
Nb of grown patterns: 5
Amalgamation initialization time: 3.44e-05s
Amalgamation time: 2.75e-05s
Nb of patterns candidates for selection: 9
Numeric precision: 6.16156e-09
Tensor reduction time: 2.6e-05s
Nb of selected patterns: 5
AICc: 15169.7651459
Selection time: 8.08e-05s
Total time: 0.0243947s

Truncated quality:1.0

Quality:1.0
