Memory (kb): 2024
Tensor parsing time: 0.0451499s
Numeric precision: 1.41142e-08
Tensor shifting time: 0.0031232s
Initial density maximization time: 0.003199s
Initial sub-pattern discarding time: 0s
Nb of density-maximized patterns: 8
Further growing time: 4.1e-06s
Nb of grown patterns: 8
Amalgamation initialization time: 2.34e-05s
Amalgamation time: 6.37e-05s
Nb of patterns candidates for selection: 16
Numeric precision: 3.02575e-09
Tensor reduction time: 3.34e-05s
Nb of selected patterns: 8
AICc: 111536.319247
Selection time: 0.0001099s
Total time: 0.0561226s

Truncated quality:0.08021390374331551

Quality:0.07130124777183601
