Memory (kb): 2048
Tensor parsing time: 0.0141897s
Numeric precision: 6.35191e-09
Tensor shifting time: 0.0011161s
Initial density maximization time: 0.0037316s
Initial sub-pattern discarding time: 0s
Nb of density-maximized patterns: 54
Further growing time: 4.3e-06s
Nb of grown patterns: 54
Amalgamation initialization time: 0.0009774s
Amalgamation time: 0.0009802s
Nb of patterns candidates for selection: 150
Numeric precision: 3.2644e-09
Tensor reduction time: 2.59e-05s
Nb of selected patterns: 13
AICc: 20629.8786851
Selection time: 0.0005693s
Total time: 0.0261807s

Truncated quality:0.9545454545454546

Quality:0.9545454545454546
