Memory (kb): 1984
Tensor parsing time: 0.0140481s
Numeric precision: 5.67953e-09
Tensor shifting time: 0.0010051s
Initial density maximization time: 0.0035397s
Initial sub-pattern discarding time: 0s
Nb of density-maximized patterns: 82
Further growing time: 4.5e-06s
Nb of grown patterns: 82
Amalgamation initialization time: 0.0026131s
Amalgamation time: 0.0017286s
Nb of patterns candidates for selection: 223
Numeric precision: 4.09137e-09
Tensor reduction time: 2.63e-05s
Nb of selected patterns: 5
AICc: 18960.1696573
Selection time: 0.000518s
Total time: 0.0271798s

Truncated quality:1.0

Quality:1.0
