Memory (kb): 2032
Tensor parsing time: 0.0453731s
Numeric precision: 6.00575e-09
Tensor shifting time: 0.0030987s
Initial density maximization time: 0.0031723s
Initial sub-pattern discarding time: 0s
Nb of density-maximized patterns: 4
Further growing time: 4.5e-06s
Nb of grown patterns: 4
Amalgamation initialization time: 1.02e-05s
Amalgamation time: 3.04e-05s
Nb of patterns candidates for selection: 7
Numeric precision: 4.94849e-09
Tensor reduction time: 3.26e-05s
Nb of selected patterns: 5
AICc: 66813.3609922
Selection time: 7.72e-05s
Total time: 0.0561973s

Truncated quality:1.0

Quality:1.0
