Memory (kb): 1856
Tensor parsing time: 0.0152677s
Numeric precision: 5.09206e-09
Tensor shifting time: 0.0010183s
Initial density maximization time: 0.0027247s
Initial sub-pattern discarding time: 0s
Nb of density-maximized patterns: 4
Further growing time: 5.1e-06s
Nb of grown patterns: 4
Amalgamation initialization time: 1.05e-05s
Amalgamation time: 2.01e-05s
Nb of patterns candidates for selection: 7
Numeric precision: 4.88815e-09
Tensor reduction time: 2.65e-05s
Nb of selected patterns: 5
AICc: 15134.4916418
Selection time: 9.73e-05s
Total time: 0.0231467s

Truncated quality:1.0

Quality:1.0
