Memory (kb): 2052
Tensor parsing time: 0.0132455s
Numeric precision: 6.33964e-09
Tensor shifting time: 0.0010518s
Initial density maximization time: 0.0045203s
Initial sub-pattern discarding time: 0s
Nb of density-maximized patterns: 78
Further growing time: 5.5e-06s
Nb of grown patterns: 78
Amalgamation initialization time: 0.0021498s
Amalgamation time: 0.0019628s
Nb of patterns candidates for selection: 207
Numeric precision: 3.639e-09
Tensor reduction time: 2.63e-05s
Nb of selected patterns: 12
AICc: 20652.5666738
Selection time: 0.000695s
Total time: 0.0280203s

Truncated quality:0.8521303258145363

Quality:0.8095238095238095
