Memory (kb): 2048
Tensor parsing time: 0.0138489s
Numeric precision: 5.28639e-09
Tensor shifting time: 0.0011071s
Initial density maximization time: 0.0033805s
Initial sub-pattern discarding time: 0s
Nb of density-maximized patterns: 5
Further growing time: 4.7e-06s
Nb of grown patterns: 5
Amalgamation initialization time: 1.59e-05s
Amalgamation time: 2.58e-05s
Nb of patterns candidates for selection: 24
Numeric precision: 4.93107e-09
Tensor reduction time: 2.74e-05s
Nb of selected patterns: 5
AICc: 14648.6068525
Selection time: 9.25e-05s
Total time: 0.0234792s

Truncated quality:1.0

Quality:1.0
