Memory (kb): 1940
Tensor parsing time: 0.0132794s
Numeric precision: 5.65699e-09
Tensor shifting time: 0.0011148s
Initial density maximization time: 0.0034233s
Initial sub-pattern discarding time: 0s
Nb of density-maximized patterns: 47
Further growing time: 3.8e-06s
Nb of grown patterns: 47
Amalgamation initialization time: 0.000778s
Amalgamation time: 0.0005315s
Nb of patterns candidates for selection: 146
Numeric precision: 3.90916e-09
Tensor reduction time: 2.12e-05s
Nb of selected patterns: 5
AICc: 19030.2847665
Selection time: 0.0002618s
Total time: 0.0235694s

Truncated quality:1.0

Quality:1.0
