Memory (kb): 2016
Tensor parsing time: 0.0445998s
Numeric precision: 1.18263e-08
Tensor shifting time: 0.0027894s
Initial density maximization time: 0.0032091s
Initial sub-pattern discarding time: 0s
Nb of density-maximized patterns: 12
Further growing time: 4.4e-06s
Nb of grown patterns: 12
Amalgamation initialization time: 6.24e-05s
Amalgamation time: 7.43e-05s
Nb of patterns candidates for selection: 23
Numeric precision: 2.60502e-09
Tensor reduction time: 1.52e-05s
Nb of selected patterns: 6
AICc: 105527.277013
Selection time: 0.0001027s
Total time: 0.0552204s

Truncated quality:0.44466403162055335

Quality:0.38735177865612647
