Memory (kb): 1916
Tensor parsing time: 0.0149581s
Numeric precision: 5.56159e-09
Tensor shifting time: 0.0011955s
Initial density maximization time: 0.002979s
Initial sub-pattern discarding time: 0s
Nb of density-maximized patterns: 39
Further growing time: 4.5e-06s
Nb of grown patterns: 39
Amalgamation initialization time: 0.0005997s
Amalgamation time: 0.0003222s
Nb of patterns candidates for selection: 123
Numeric precision: 3.80465e-09
Tensor reduction time: 2.3e-05s
Nb of selected patterns: 7
AICc: 18689.5173403
Selection time: 0.0002992s
Total time: 0.0240625s

Truncated quality:1.0

Quality:1.0
