Memory (kb): 2012
Tensor parsing time: 0.0166568s
Numeric precision: 5.16604e-09
Tensor shifting time: 0.0012531s
Initial density maximization time: 0.0028487s
Initial sub-pattern discarding time: 0s
Nb of density-maximized patterns: 4
Further growing time: 6.1e-06s
Nb of grown patterns: 4
Amalgamation initialization time: 1.44e-05s
Amalgamation time: 3.05e-05s
Nb of patterns candidates for selection: 7
Numeric precision: 4.98629e-09
Tensor reduction time: 4.11e-05s
Nb of selected patterns: 6
AICc: 15376.59436
Selection time: 0.0001338s
Total time: 0.0257745s

Truncated quality:1.0

Quality:1.0
