Memory (kb): 2024
Tensor parsing time: 0.046319s
Numeric precision: 6.08535e-09
Tensor shifting time: 0.0027699s
Initial density maximization time: 0.0024538s
Initial sub-pattern discarding time: 0s
Nb of density-maximized patterns: 5
Further growing time: 3.7e-06s
Nb of grown patterns: 5
Amalgamation initialization time: 1.51e-05s
Amalgamation time: 3.54e-05s
Nb of patterns candidates for selection: 9
Numeric precision: 5.09075e-09
Tensor reduction time: 3.27e-05s
Nb of selected patterns: 6
AICc: 70593.9166962
Selection time: 8.09e-05s
Total time: 0.0553465s

Truncated quality:1.0

Quality:1.0
