Memory (kb): 1880
Tensor parsing time: 0.0222729s
Numeric precision: 6.43821e-09
Tensor shifting time: 0.0010616s
Initial density maximization time: 0.0042308s
Initial sub-pattern discarding time: 0s
Nb of density-maximized patterns: 65
Further growing time: 5.9e-06s
Nb of grown patterns: 65
Amalgamation initialization time: 0.0014677s
Amalgamation time: 0.0014002s
Nb of patterns candidates for selection: 211
Numeric precision: 3.56326e-09
Tensor reduction time: 4.41e-05s
Nb of selected patterns: 14
AICc: 20562.4778898
Selection time: 0.0009169s
Total time: 0.0357089s

Truncated quality:1.0

Quality:0.8784722222222222
