Memory (kb): 2004
Tensor parsing time: 0.0140367s
Numeric precision: 5.57023e-09
Tensor shifting time: 0.0011042s
Initial density maximization time: 0.0040398s
Initial sub-pattern discarding time: 0s
Nb of density-maximized patterns: 21
Further growing time: 4.5e-06s
Nb of grown patterns: 21
Amalgamation initialization time: 0.0001998s
Amalgamation time: 0.0001384s
Nb of patterns candidates for selection: 152
Numeric precision: 3.94902e-09
Tensor reduction time: 2.56e-05s
Nb of selected patterns: 9
AICc: 18179.866186
Selection time: 0.00039s
Total time: 0.0242193s

Truncated quality:1.0

Quality:1.0
