Memory (kb): 1880
Tensor parsing time: 0.0139782s
Numeric precision: 6.44698e-09
Tensor shifting time: 0.0010791s
Initial density maximization time: 0.0039304s
Initial sub-pattern discarding time: 0s
Nb of density-maximized patterns: 98
Further growing time: 4e-06s
Nb of grown patterns: 98
Amalgamation initialization time: 0.0032898s
Amalgamation time: 0.0031497s
Nb of patterns candidates for selection: 265
Numeric precision: 3.89156e-09
Tensor reduction time: 2.91e-05s
Nb of selected patterns: 14
AICc: 20769.6160764
Selection time: 0.0009391s
Total time: 0.0306429s

Truncated quality:0.7875

Quality:0.7142857142857143
