Memory (kb): 1992
Tensor parsing time: 0.0120853s
Numeric precision: 5.303e-09
Tensor shifting time: 0.0011768s
Initial density maximization time: 0.003707s
Initial sub-pattern discarding time: 0s
Nb of density-maximized patterns: 26
Further growing time: 7.1e-06s
Nb of grown patterns: 26
Amalgamation initialization time: 0.0004245s
Amalgamation time: 0.0001582s
Nb of patterns candidates for selection: 122
Numeric precision: 4.45409e-09
Tensor reduction time: 2.97e-05s
Nb of selected patterns: 6
AICc: 16225.3602218
Selection time: 0.0003937s
Total time: 0.0224311s

Truncated quality:1.0

Quality:1.0
