Memory (kb): 2052
Tensor parsing time: 0.01347s
Numeric precision: 5.1756e-09
Tensor shifting time: 0.0010585s
Initial density maximization time: 0.0031842s
Initial sub-pattern discarding time: 0s
Nb of density-maximized patterns: 9
Further growing time: 4.6e-06s
Nb of grown patterns: 9
Amalgamation initialization time: 3.99e-05s
Amalgamation time: 5.01e-05s
Nb of patterns candidates for selection: 17
Numeric precision: 4.82269e-09
Tensor reduction time: 2.67e-05s
Nb of selected patterns: 5
AICc: 13453.4196396
Selection time: 9.23e-05s
Total time: 0.0224511s

Truncated quality:1.0

Quality:1.0
