Memory (kb): 1864
Tensor parsing time: 0.0147295s
Numeric precision: 5.15099e-09
Tensor shifting time: 0.0011105s
Initial density maximization time: 0.0037409s
Initial sub-pattern discarding time: 0s
Nb of density-maximized patterns: 15
Further growing time: 4.8e-06s
Nb of grown patterns: 15
Amalgamation initialization time: 9.65e-05s
Amalgamation time: 5.51e-05s
Nb of patterns candidates for selection: 70
Numeric precision: 4.45518e-09
Tensor reduction time: 2.32e-05s
Nb of selected patterns: 5
AICc: 15723.0154805
Selection time: 0.0001666s
Total time: 0.0242314s

Truncated quality:1.0

Quality:1.0
