Memory (kb): 2052
Tensor parsing time: 0.216588s
Numeric precision: 3.03902e-07
Tensor shifting time: 0.0131559s
Initial density maximization time: 14.697s
Initial sub-pattern discarding time: 0s
Nb of density-maximized patterns: 14
Further growing time: 4.3e-06s
Nb of grown patterns: 14
Amalgamation initialization time: 0.0006511s
Amalgamation time: 0.0012529s
Nb of patterns candidates for selection: 91889
Numeric precision: 2.94276e-07
Tensor reduction time: 0.0220119s
Nb of selected patterns: 10
AICc: 400358.985396
Selection time: 3.0614755s
Total time: 18.0177942s

Truncated quality:0.04945054945054945

Quality:0.04945054945054945
