Memory (kb): 1992
Tensor parsing time: 0.0147179s
Numeric precision: 5.14453e-09
Tensor shifting time: 0.0011249s
Initial density maximization time: 0.0028564s
Initial sub-pattern discarding time: 0s
Nb of density-maximized patterns: 8
Further growing time: 4.7e-06s
Nb of grown patterns: 8
Amalgamation initialization time: 3.06e-05s
Amalgamation time: 4.64e-05s
Nb of patterns candidates for selection: 16
Numeric precision: 4.91743e-09
Tensor reduction time: 2.74e-05s
Nb of selected patterns: 5
AICc: 13679.1495475
Selection time: 8.88e-05s
Total time: 0.0237472s

Truncated quality:1.0

Quality:1.0
