Memory (kb): 1920
Tensor parsing time: 0.0461905s
Numeric precision: 5.89053e-09
Tensor shifting time: 0.0028729s
Initial density maximization time: 0.0030437s
Initial sub-pattern discarding time: 0s
Nb of density-maximized patterns: 4
Further growing time: 4.2e-06s
Nb of grown patterns: 4
Amalgamation initialization time: 9.2e-06s
Amalgamation time: 2.7e-05s
Nb of patterns candidates for selection: 7
Numeric precision: 4.98864e-09
Tensor reduction time: 3.19e-05s
Nb of selected patterns: 6
AICc: 70789.8724152
Selection time: 8.02e-05s
Total time: 0.0570949s

Truncated quality:1.0

Quality:1.0
