Memory (kb): 2012
Tensor parsing time: 0.0195155s
Numeric precision: 6.30236e-09
Tensor shifting time: 0.0011717s
Initial density maximization time: 0.0030785s
Initial sub-pattern discarding time: 0s
Nb of density-maximized patterns: 9
Further growing time: 4.4e-06s
Nb of grown patterns: 9
Amalgamation initialization time: 3e-05s
Amalgamation time: 4.58e-05s
Nb of patterns candidates for selection: 18
Numeric precision: 1.86286e-09
Tensor reduction time: 8.7e-06s
Nb of selected patterns: 4
AICc: 21080.780259
Selection time: 7.45e-05s
Total time: 0.0283661s

Truncated quality:0.20300751879699247

Quality:0.20300751879699247
