Memory (kb): 2012
Tensor parsing time: 0.0146173s
Numeric precision: 5.17379e-09
Tensor shifting time: 0.0011334s
Initial density maximization time: 0.0032163s
Initial sub-pattern discarding time: 0s
Nb of density-maximized patterns: 9
Further growing time: 4.8e-06s
Nb of grown patterns: 9
Amalgamation initialization time: 4.08e-05s
Amalgamation time: 5.77e-05s
Nb of patterns candidates for selection: 18
Numeric precision: 4.85697e-09
Tensor reduction time: 2.73e-05s
Nb of selected patterns: 7
AICc: 14860.3250757
Selection time: 0.000102s
Total time: 0.023906s

Truncated quality:1.0

Quality:1.0
