Memory (kb): 1952
Tensor parsing time: 0.0445417s
Numeric precision: 1.18861e-08
Tensor shifting time: 0.0028915s
Initial density maximization time: 0.0053724s
Initial sub-pattern discarding time: 0s
Nb of density-maximized patterns: 103
Further growing time: 4.4e-06s
Nb of grown patterns: 103
Amalgamation initialization time: 0.0036457s
Amalgamation time: 0.0030276s
Nb of patterns candidates for selection: 315
Numeric precision: 4.50586e-09
Tensor reduction time: 4.79e-05s
Nb of selected patterns: 24
AICc: 104812.294292
Selection time: 0.0017792s
Total time: 0.0657929s

Truncated quality:0.7989130434782609

Quality:0.35842293906810035
