Memory (kb): 1996
Tensor parsing time: 0.215556s
Numeric precision: 2.9343e-07
Tensor shifting time: 0.0103095s
Initial density maximization time: 35.6652s
Initial sub-pattern discarding time: 0s
Nb of density-maximized patterns: 11070
Further growing time: 4.6e-06s
Nb of grown patterns: 11070
Amalgamation initialization time: 289.879s
Amalgamation time: 229.124s
Nb of patterns candidates for selection: 130663
Numeric precision: 2.2424e-07
Tensor reduction time: 0.0636379s
Nb of selected patterns: 37
AICc: 477173.413037
Selection time: 8.3567551s
Total time: 563.3555966s

Truncated quality:0.03390894819466248

Quality:0.03390894819466248
