Memory (kb): 1992
Tensor parsing time: 0.0127528s
Numeric precision: 5.75313e-09
Tensor shifting time: 0.0011973s
Initial density maximization time: 0.0040914s
Initial sub-pattern discarding time: 0s
Nb of density-maximized patterns: 58
Further growing time: 3.3e-06s
Nb of grown patterns: 58
Amalgamation initialization time: 0.0011197s
Amalgamation time: 0.000406s
Nb of patterns candidates for selection: 206
Numeric precision: 3.94512e-09
Tensor reduction time: 2.41e-05s
Nb of selected patterns: 6
AICc: 18542.5419131
Selection time: 0.0003463s
Total time: 0.0242637s

Truncated quality:1.0

Quality:1.0
