Memory (kb): 2000
Tensor parsing time: 0.0132714s
Numeric precision: 6.33664e-09
Tensor shifting time: 0.0010579s
Initial density maximization time: 0.0039372s
Initial sub-pattern discarding time: 0s
Nb of density-maximized patterns: 89
Further growing time: 3.8e-06s
Nb of grown patterns: 89
Amalgamation initialization time: 0.0027326s
Amalgamation time: 0.0028751s
Nb of patterns candidates for selection: 247
Numeric precision: 3.28419e-09
Tensor reduction time: 2.66e-05s
Nb of selected patterns: 15
AICc: 20695.4704853
Selection time: 0.000875s
Total time: 0.0293486s

Truncated quality:0.8636363636363636

Quality:0.8204545454545454
