Memory (kb): 1876
Tensor parsing time: 0.0138454s
Numeric precision: 5.13159e-09
Tensor shifting time: 0.0010928s
Initial density maximization time: 0.0030141s
Initial sub-pattern discarding time: 0s
Nb of density-maximized patterns: 4
Further growing time: 4.3e-06s
Nb of grown patterns: 4
Amalgamation initialization time: 8.5e-06s
Amalgamation time: 2.02e-05s
Nb of patterns candidates for selection: 7
Numeric precision: 4.83953e-09
Tensor reduction time: 2.89e-05s
Nb of selected patterns: 5
AICc: 14662.7232702
Selection time: 7.31e-05s
Total time: 0.0224289s

Truncated quality:1.0

Quality:1.0
