Memory (kb): 1996
Tensor parsing time: 0.0453128s
Numeric precision: 6.31601e-09
Tensor shifting time: 0.0028836s
Initial density maximization time: 0.0031967s
Initial sub-pattern discarding time: 0s
Nb of density-maximized patterns: 5
Further growing time: 3.7e-06s
Nb of grown patterns: 5
Amalgamation initialization time: 1.48e-05s
Amalgamation time: 3.52e-05s
Nb of patterns candidates for selection: 9
Numeric precision: 5.08784e-09
Tensor reduction time: 3.13e-05s
Nb of selected patterns: 5
AICc: 68660.2982993
Selection time: 7.72e-05s
Total time: 0.0561393s

Truncated quality:1.0

Quality:1.0
