Memory (kb): 2008
Tensor parsing time: 0.0449472s
Numeric precision: 1.19066e-08
Tensor shifting time: 0.002942s
Initial density maximization time: 0.0033538s
Initial sub-pattern discarding time: 0s
Nb of density-maximized patterns: 23
Further growing time: 3.7e-06s
Nb of grown patterns: 23
Amalgamation initialization time: 0.0001763s
Amalgamation time: 0.0002727s
Nb of patterns candidates for selection: 64
Numeric precision: 3.42289e-09
Tensor reduction time: 2.29e-05s
Nb of selected patterns: 7
AICc: 105364.072875
Selection time: 0.0001799s
Total time: 0.056264s

Truncated quality:0.8636363636363636

Quality:0.8243801652892562
