Memory (kb): 1968
Tensor parsing time: 0.0465453s
Numeric precision: 1.19571e-08
Tensor shifting time: 0.0029106s
Initial density maximization time: 0.0034094s
Initial sub-pattern discarding time: 0s
Nb of density-maximized patterns: 30
Further growing time: 5.4e-06s
Nb of grown patterns: 30
Amalgamation initialization time: 0.0003038s
Amalgamation time: 0.0003368s
Nb of patterns candidates for selection: 82
Numeric precision: 3.57e-09
Tensor reduction time: 2.61e-05s
Nb of selected patterns: 8
AICc: 105309.009996
Selection time: 0.0002499s
Total time: 0.0584409s

Truncated quality:0.9583333333333334

Quality:0.9583333333333334
