Memory (kb): 2012
Tensor parsing time: 0.0135449s
Numeric precision: 7.2994e-09
Tensor shifting time: 0.0011369s
Initial density maximization time: 0.0109132s
Initial sub-pattern discarding time: 0s
Nb of density-maximized patterns: 499
Further growing time: 4.3e-06s
Nb of grown patterns: 499
Amalgamation initialization time: 0.07722s
Amalgamation time: 0.177491s
Nb of patterns candidates for selection: 1215
Numeric precision: 6.94099e-09
Tensor reduction time: 0.0001342s
Nb of selected patterns: 95
AICc: 21126.1339602
Selection time: 0.0363413s
Total time: 0.3212445s

Truncated quality:0.25862068965517243

Quality:0.0661111111111111
