Memory (kb): 1880
Tensor parsing time: 0.0137869s
Numeric precision: 6.43874e-09
Tensor shifting time: 0.0011688s
Initial density maximization time: 0.0033206s
Initial sub-pattern discarding time: 0s
Nb of density-maximized patterns: 18
Further growing time: 4.2e-06s
Nb of grown patterns: 18
Amalgamation initialization time: 0.0001318s
Amalgamation time: 0.0001365s
Nb of patterns candidates for selection: 47
Numeric precision: 3.26536e-09
Tensor reduction time: 0.0001746s
Nb of selected patterns: 7
AICc: 20979.294233
Selection time: 0.0001655s
Total time: 0.0233762s

Truncated quality:0.7772727272727272

Quality:0.7772727272727272
