Memory (kb): 1984
Tensor parsing time: 0.215666s
Numeric precision: 3.11478e-07
Tensor shifting time: 0.0105799s
Initial density maximization time: 13.9s
Initial sub-pattern discarding time: 0s
Nb of density-maximized patterns: 5
Further growing time: 4.3e-06s
Nb of grown patterns: 5
Amalgamation initialization time: 0.0001735s
Amalgamation time: 0.0005035s
Nb of patterns candidates for selection: 73341
Numeric precision: 2.47215e-07
Tensor reduction time: 0.0180962s
Nb of selected patterns: 10
AICc: 402419.980053
Selection time: 2.1060925s
Total time: 16.255675s

Truncated quality:0.03651732882502113

Quality:0.03651732882502113
