Memory (kb): 2040
Tensor parsing time: 0.0546166s
Numeric precision: 6.96676e-09
Tensor shifting time: 0.0055576s
Initial density maximization time: 0.0032303s
Initial sub-pattern discarding time: 0s
Nb of density-maximized patterns: 4
Further growing time: 7.2e-06s
Nb of grown patterns: 4
Amalgamation initialization time: 1.2e-05s
Amalgamation time: 4.68e-05s
Nb of patterns candidates for selection: 19
Numeric precision: 4.57065e-09
Tensor reduction time: 4.89e-05s
Nb of selected patterns: 5
AICc: 81325.3565954
Selection time: 0.0001644s
Total time: 0.0751887s

Truncated quality:1.0

Quality:1.0
