Memory (kb): 2044
Tensor parsing time: 0.015179s
Numeric precision: 6.36209e-09
Tensor shifting time: 0.0012259s
Initial density maximization time: 0.0031528s
Initial sub-pattern discarding time: 0s
Nb of density-maximized patterns: 15
Further growing time: 4.6e-06s
Nb of grown patterns: 15
Amalgamation initialization time: 8.47e-05s
Amalgamation time: 0.0001007s
Nb of patterns candidates for selection: 39
Numeric precision: 2.47359e-09
Tensor reduction time: 1.35e-05s
Nb of selected patterns: 4
AICc: 20957.4850163
Selection time: 9.77e-05s
Total time: 0.0238557s

Truncated quality:0.33766233766233766

Quality:0.33766233766233766
