Memory (kb): 1948
Tensor parsing time: 0.0458795s
Numeric precision: 1.19294e-08
Tensor shifting time: 0.0029055s
Initial density maximization time: 0.0042663s
Initial sub-pattern discarding time: 0s
Nb of density-maximized patterns: 74
Further growing time: 4.5e-06s
Nb of grown patterns: 74
Amalgamation initialization time: 0.0018353s
Amalgamation time: 0.0018119s
Nb of patterns candidates for selection: 245
Numeric precision: 4.26833e-09
Tensor reduction time: 4.2e-05s
Nb of selected patterns: 23
AICc: 105096.715294
Selection time: 0.0012205s
Total time: 0.0620013s

Truncated quality:0.875

Quality:0.48689516129032256
