Memory (kb): 2028
Tensor parsing time: 0.0130597s
Numeric precision: 6.44845e-09
Tensor shifting time: 0.0011378s
Initial density maximization time: 0.0046062s
Initial sub-pattern discarding time: 0s
Nb of density-maximized patterns: 65
Further growing time: 3.8e-06s
Nb of grown patterns: 65
Amalgamation initialization time: 0.001577s
Amalgamation time: 0.0011056s
Nb of patterns candidates for selection: 263
Numeric precision: 3.9777e-09
Tensor reduction time: 2.58e-05s
Nb of selected patterns: 5
AICc: 18676.2536945
Selection time: 0.0004404s
Total time: 0.0267554s

Truncated quality:1.0

Quality:1.0
