Memory (kb): 2012
Tensor parsing time: 0.0157352s
Numeric precision: 5.1076e-09
Tensor shifting time: 0.0010322s
Initial density maximization time: 0.0030555s
Initial sub-pattern discarding time: 0s
Nb of density-maximized patterns: 5
Further growing time: 4.1e-06s
Nb of grown patterns: 5
Amalgamation initialization time: 1.53e-05s
Amalgamation time: 2.51e-05s
Nb of patterns candidates for selection: 9
Numeric precision: 4.817e-09
Tensor reduction time: 2.7e-05s
Nb of selected patterns: 6
AICc: 15256.8926976
Selection time: 7.84e-05s
Total time: 0.0243024s

Truncated quality:1.0

Quality:1.0
