Memory (kb): 1864
Tensor parsing time: 0.0132718s
Numeric precision: 6.18615e-09
Tensor shifting time: 0.0011621s
Initial density maximization time: 0.0033006s
Initial sub-pattern discarding time: 0s
Nb of density-maximized patterns: 29
Further growing time: 4.2e-06s
Nb of grown patterns: 29
Amalgamation initialization time: 0.0002882s
Amalgamation time: 0.0002918s
Nb of patterns candidates for selection: 85
Numeric precision: 3.12137e-09
Tensor reduction time: 2.13e-05s
Nb of selected patterns: 10
AICc: 20522.082173
Selection time: 0.000292s
Total time: 0.0231384s

Truncated quality:0.8264462809917356

Quality:0.7066115702479339
