Memory (kb): 1940
Tensor parsing time: 0.0139591s
Numeric precision: 5.50948e-09
Tensor shifting time: 0.0010997s
Initial density maximization time: 0.0046022s
Initial sub-pattern discarding time: 0s
Nb of density-maximized patterns: 50
Further growing time: 4.3e-06s
Nb of grown patterns: 50
Amalgamation initialization time: 0.0009856s
Amalgamation time: 0.0005603s
Nb of patterns candidates for selection: 225
Numeric precision: 4.67015e-09
Tensor reduction time: 2.54e-05s
Nb of selected patterns: 5
AICc: 18659.8553816
Selection time: 0.0004035s
Total time: 0.0261683s

Truncated quality:1.0

Quality:1.0
