Memory (kb): 2048
Tensor parsing time: 0.0144403s
Numeric precision: 5.67953e-09
Tensor shifting time: 0.0011561s
Initial density maximization time: 0.0040105s
Initial sub-pattern discarding time: 0s
Nb of density-maximized patterns: 39
Further growing time: 4.8e-06s
Nb of grown patterns: 39
Amalgamation initialization time: 0.0005451s
Amalgamation time: 0.000408s
Nb of patterns candidates for selection: 154
Numeric precision: 4.09137e-09
Tensor reduction time: 2.4e-05s
Nb of selected patterns: 6
AICc: 18850.0662768
Selection time: 0.0003036s
Total time: 0.0255572s

Truncated quality:1.0

Quality:1.0
