Memory (kb): 2004
Tensor parsing time: 0.0143992s
Numeric precision: 6.63136e-09
Tensor shifting time: 0.0011065s
Initial density maximization time: 0.0032873s
Initial sub-pattern discarding time: 0s
Nb of density-maximized patterns: 23
Further growing time: 4.5e-06s
Nb of grown patterns: 23
Amalgamation initialization time: 0.0002294s
Amalgamation time: 0.0002357s
Nb of patterns candidates for selection: 57
Numeric precision: 4.56596e-09
Tensor reduction time: 1.96e-05s
Nb of selected patterns: 5
AICc: 16716.3048202
Selection time: 0.0001659s
Total time: 0.0237027s

Truncated quality:1.0

Quality:1.0
