Memory (kb): 2052
Tensor parsing time: 0.0135803s
Numeric precision: 5.22928e-09
Tensor shifting time: 0.0011979s
Initial density maximization time: 0.0027548s
Initial sub-pattern discarding time: 0s
Nb of density-maximized patterns: 9
Further growing time: 6.4e-06s
Nb of grown patterns: 9
Amalgamation initialization time: 5.1e-05s
Amalgamation time: 6.16e-05s
Nb of patterns candidates for selection: 18
Numeric precision: 4.80552e-09
Tensor reduction time: 2.67e-05s
Nb of selected patterns: 5
AICc: 14667.7867492
Selection time: 9.77e-05s
Total time: 0.022109s

Truncated quality:1.0

Quality:1.0
