Memory (kb): 1940
Tensor parsing time: 0.0152322s
Numeric precision: 5.62817e-09
Tensor shifting time: 0.0011507s
Initial density maximization time: 0.0037472s
Initial sub-pattern discarding time: 0s
Nb of density-maximized patterns: 32
Further growing time: 7.8e-06s
Nb of grown patterns: 32
Amalgamation initialization time: 0.0003802s
Amalgamation time: 0.0004795s
Nb of patterns candidates for selection: 105
Numeric precision: 4.79889e-09
Tensor reduction time: 2.19e-05s
Nb of selected patterns: 5
AICc: 16595.2461565
Selection time: 0.0002457s
Total time: 0.0263457s

Truncated quality:1.0

Quality:1.0
