Memory (kb): 2012
Tensor parsing time: 0.0145077s
Numeric precision: 5.13159e-09
Tensor shifting time: 0.0011821s
Initial density maximization time: 0.002862s
Initial sub-pattern discarding time: 0s
Nb of density-maximized patterns: 4
Further growing time: 3.6e-06s
Nb of grown patterns: 4
Amalgamation initialization time: 9e-06s
Amalgamation time: 2e-05s
Nb of patterns candidates for selection: 12
Numeric precision: 4.83953e-09
Tensor reduction time: 2.81e-05s
Nb of selected patterns: 5
AICc: 14662.7232702
Selection time: 7.81e-05s
Total time: 0.0227065s

Truncated quality:1.0

Quality:1.0
