Memory (kb): 1992
Tensor parsing time: 0.0154545s
Numeric precision: 7.13061e-09
Tensor shifting time: 0.0010489s
Initial density maximization time: 0.0027696s
Initial sub-pattern discarding time: 0s
Nb of density-maximized patterns: 2
Further growing time: 3.6e-06s
Nb of grown patterns: 2
Amalgamation initialization time: 3.3e-06s
Amalgamation time: 6.4e-06s
Nb of patterns candidates for selection: 3
Numeric precision: 1.63667e-09
Tensor reduction time: 6.4e-06s
Nb of selected patterns: 3
AICc: 22279.9755341
Selection time: 4.05e-05s
Total time: 0.023353s

Truncated quality:0.075

Quality:0.075
