Memory (kb): 2016
Tensor parsing time: 0.0145685s
Numeric precision: 5.18151e-09
Tensor shifting time: 0.0012345s
Initial density maximization time: 0.003117s
Initial sub-pattern discarding time: 0s
Nb of density-maximized patterns: 4
Further growing time: 5e-06s
Nb of grown patterns: 4
Amalgamation initialization time: 9.3e-06s
Amalgamation time: 2.07e-05s
Nb of patterns candidates for selection: 7
Numeric precision: 4.91569e-09
Tensor reduction time: 2.82e-05s
Nb of selected patterns: 6
AICc: 15436.0524071
Selection time: 7.95e-05s
Total time: 0.0359846s

Truncated quality:1.0

Quality:1.0
