Memory (kb): 1964
Tensor parsing time: 0.0135296s
Numeric precision: 5.20285e-09
Tensor shifting time: 0.0011078s
Initial density maximization time: 0.0034025s
Initial sub-pattern discarding time: 0s
Nb of density-maximized patterns: 4
Further growing time: 5.8e-06s
Nb of grown patterns: 4
Amalgamation initialization time: 1.01e-05s
Amalgamation time: 2.25e-05s
Nb of patterns candidates for selection: 7
Numeric precision: 4.94033e-09
Tensor reduction time: 2.87e-05s
Nb of selected patterns: 5
AICc: 15132.7762236
Selection time: 7.62e-05s
Total time: 0.0224859s

Truncated quality:1.0

Quality:1.0
