Memory (kb): 1940
Tensor parsing time: 0.0139395s
Numeric precision: 5.17059e-09
Tensor shifting time: 0.0011114s
Initial density maximization time: 0.0041037s
Initial sub-pattern discarding time: 0s
Nb of density-maximized patterns: 25
Further growing time: 4.3e-06s
Nb of grown patterns: 25
Amalgamation initialization time: 0.0002569s
Amalgamation time: 9.13e-05s
Nb of patterns candidates for selection: 134
Numeric precision: 4.49946e-09
Tensor reduction time: 2.33e-05s
Nb of selected patterns: 5
AICc: 16641.1602228
Selection time: 0.0002752s
Total time: 0.0244249s

Truncated quality:1.0

Quality:1.0
