Memory (kb): 1916
Tensor parsing time: 0.0144648s
Numeric precision: 6.33964e-09
Tensor shifting time: 0.001088s
Initial density maximization time: 0.0034367s
Initial sub-pattern discarding time: 0s
Nb of density-maximized patterns: 11
Further growing time: 4.6e-06s
Nb of grown patterns: 11
Amalgamation initialization time: 4.1e-05s
Amalgamation time: 0.0002421s
Nb of patterns candidates for selection: 24
Numeric precision: 2.74961e-09
Tensor reduction time: 1.17e-05s
Nb of selected patterns: 5
AICc: 21065.182754
Selection time: 8.77e-05s
Total time: 0.0238405s

Truncated quality:0.3492063492063492

Quality:0.3492063492063492
