Memory (kb): 1988
Tensor parsing time: 0.0484311s
Numeric precision: 1.42831e-08
Tensor shifting time: 0.0028762s
Initial density maximization time: 0.0028308s
Initial sub-pattern discarding time: 0s
Nb of density-maximized patterns: 13
Further growing time: 4.6e-06s
Nb of grown patterns: 13
Amalgamation initialization time: 6.32e-05s
Amalgamation time: 0.0001402s
Nb of patterns candidates for selection: 25
Numeric precision: 3.77168e-09
Tensor reduction time: 3.14e-05s
Nb of selected patterns: 14
AICc: 111830.243387
Selection time: 0.0002311s
Total time: 0.0588153s

Truncated quality:0.025673940949935817

Quality:0.026957637997432605
