Memory (kb): 1992
Tensor parsing time: 0.0128262s
Numeric precision: 5.1076e-09
Tensor shifting time: 0.001285s
Initial density maximization time: 0.0031153s
Initial sub-pattern discarding time: 0s
Nb of density-maximized patterns: 4
Further growing time: 5e-06s
Nb of grown patterns: 4
Amalgamation initialization time: 1.05e-05s
Amalgamation time: 2.01e-05s
Nb of patterns candidates for selection: 7
Numeric precision: 4.817e-09
Tensor reduction time: 2.77e-05s
Nb of selected patterns: 6
AICc: 15256.8926976
Selection time: 0.0001121s
Total time: 0.0226347s

Truncated quality:1.0

Quality:1.0
