Memory (kb): 2016
Tensor parsing time: 0.045519s
Numeric precision: 6.98726e-09
Tensor shifting time: 0.0027689s
Initial density maximization time: 0.0037251s
Initial sub-pattern discarding time: 0s
Nb of density-maximized patterns: 13
Further growing time: 3.7e-06s
Nb of grown patterns: 13
Amalgamation initialization time: 7.56e-05s
Amalgamation time: 5.57e-05s
Nb of patterns candidates for selection: 142
Numeric precision: 4.54559e-09
Tensor reduction time: 2.53e-05s
Nb of selected patterns: 6
AICc: 82817.7065639
Selection time: 0.0002752s
Total time: 0.0559661s

Truncated quality:1.0

Quality:1.0
