Memory (kb): 2056
Tensor parsing time: 0.0461648s
Numeric precision: 6.99162e-09
Tensor shifting time: 0.0029461s
Initial density maximization time: 0.0040448s
Initial sub-pattern discarding time: 0s
Nb of density-maximized patterns: 32
Further growing time: 4.1e-06s
Nb of grown patterns: 32
Amalgamation initialization time: 0.0003549s
Amalgamation time: 0.000115s
Nb of patterns candidates for selection: 111
Numeric precision: 4.72101e-09
Tensor reduction time: 2.41e-05s
Nb of selected patterns: 6
AICc: 81563.699734
Selection time: 0.0002728s
Total time: 0.0581325s

Truncated quality:1.0

Quality:1.0
