Memory (kb): 1996
Tensor parsing time: 0.0138173s
Numeric precision: 7.23053e-09
Tensor shifting time: 0.0011073s
Initial density maximization time: 0.0045983s
Initial sub-pattern discarding time: 0s
Nb of density-maximized patterns: 240
Further growing time: 3.6e-06s
Nb of grown patterns: 240
Amalgamation initialization time: 0.0169718s
Amalgamation time: 0.0328615s
Nb of patterns candidates for selection: 529
Numeric precision: 6.80574e-09
Tensor reduction time: 0.000102s
Nb of selected patterns: 75
AICc: 21226.3591783
Selection time: 0.0191772s
Total time: 0.0929264s

Truncated quality:0.22365591397849463

Quality:0.06726964386659129
