Memory (kb): 1920
Tensor parsing time: 0.045128s
Numeric precision: 6.91164e-09
Tensor shifting time: 0.0029327s
Initial density maximization time: 0.0040319s
Initial sub-pattern discarding time: 0s
Nb of density-maximized patterns: 18
Further growing time: 5e-06s
Nb of grown patterns: 18
Amalgamation initialization time: 0.0001297s
Amalgamation time: 0.0001212s
Nb of patterns candidates for selection: 92
Numeric precision: 4.50444e-09
Tensor reduction time: 2.69e-05s
Nb of selected patterns: 5
AICc: 81298.0461331
Selection time: 0.0001977s
Total time: 0.0569267s

Truncated quality:1.0

Quality:1.0
