Memory (kb): 1988
Tensor parsing time: 0.0457925s
Numeric precision: 6.95768e-09
Tensor shifting time: 0.0028715s
Initial density maximization time: 0.0033163s
Initial sub-pattern discarding time: 0s
Nb of density-maximized patterns: 11
Further growing time: 7.1e-06s
Nb of grown patterns: 11
Amalgamation initialization time: 4.8e-05s
Amalgamation time: 4.12e-05s
Nb of patterns candidates for selection: 35
Numeric precision: 4.51614e-09
Tensor reduction time: 3.19e-05s
Nb of selected patterns: 5
AICc: 82121.9837461
Selection time: 0.0001175s
Total time: 0.0568535s

Truncated quality:1.0

Quality:1.0
