Memory (kb): 1992
Tensor parsing time: 0.0158183s
Numeric precision: 6.68517e-09
Tensor shifting time: 0.0012106s
Initial density maximization time: 0.0030517s
Initial sub-pattern discarding time: 0s
Nb of density-maximized patterns: 5
Further growing time: 5e-06s
Nb of grown patterns: 5
Amalgamation initialization time: 1.58e-05s
Amalgamation time: 2.6e-05s
Nb of patterns candidates for selection: 9
Numeric precision: 4.83322e-09
Tensor reduction time: 2.68e-05s
Nb of selected patterns: 5
AICc: 15091.5926607
Selection time: 7.78e-05s
Total time: 0.0248088s

Truncated quality:1.0

Quality:1.0
