Memory (kb): 2052
Tensor parsing time: 0.223496s
Numeric precision: 2.95433e-07
Tensor shifting time: 0.0106535s
Initial density maximization time: 26.1075s
Initial sub-pattern discarding time: 0s
Nb of density-maximized patterns: 95
Further growing time: 4.9e-06s
Nb of grown patterns: 95
Amalgamation initialization time: 0.0179692s
Amalgamation time: 0.0084402s
Nb of patterns candidates for selection: 270253
Numeric precision: 2.78456e-07
Tensor reduction time: 0.0689437s
Nb of selected patterns: 25
AICc: 434165.604405
Selection time: 19.0485972s
Total time: 45.4905836s

Truncated quality:0.04623947481090338

Quality:0.04623947481090338
