Memory (kb): 2044
Tensor parsing time: 0.0459184s
Numeric precision: 6.95768e-09
Tensor shifting time: 0.0030126s
Initial density maximization time: 0.0044101s
Initial sub-pattern discarding time: 0s
Nb of density-maximized patterns: 31
Further growing time: 4.6e-06s
Nb of grown patterns: 31
Amalgamation initialization time: 0.000365s
Amalgamation time: 0.0001347s
Nb of patterns candidates for selection: 152
Numeric precision: 4.51614e-09
Tensor reduction time: 2.58e-05s
Nb of selected patterns: 6
AICc: 82121.1304413
Selection time: 0.0002948s
Total time: 0.0585844s

Truncated quality:1.0

Quality:1.0
