Memory (kb): 1984
Tensor parsing time: 0.0130269s
Numeric precision: 7.22813e-09
Tensor shifting time: 0.0011675s
Initial density maximization time: 0.0031328s
Initial sub-pattern discarding time: 0s
Nb of density-maximized patterns: 5
Further growing time: 4.4e-06s
Nb of grown patterns: 5
Amalgamation initialization time: 1.19e-05s
Amalgamation time: 2.1e-05s
Nb of patterns candidates for selection: 11
Numeric precision: 2.46609e-09
Tensor reduction time: 9.7e-06s
Nb of selected patterns: 6
AICc: 22308.6361387
Selection time: 6.81e-05s
Total time: 0.0216887s

Truncated quality:0.2

Quality:0.2475
