Memory (kb): 1992
Tensor parsing time: 0.0130153s
Numeric precision: 5.11577e-09
Tensor shifting time: 0.001139s
Initial density maximization time: 0.0031834s
Initial sub-pattern discarding time: 0s
Nb of density-maximized patterns: 4
Further growing time: 3.7e-06s
Nb of grown patterns: 4
Amalgamation initialization time: 8.3e-06s
Amalgamation time: 1.98e-05s
Nb of patterns candidates for selection: 45
Numeric precision: 4.3661e-09
Tensor reduction time: 2.97e-05s
Nb of selected patterns: 5
AICc: 16288.8516077
Selection time: 0.0001308s
Total time: 0.0217132s

Truncated quality:1.0

Quality:1.0
