Memory (kb): 1916
Tensor parsing time: 0.0140262s
Numeric precision: 5.15631e-09
Tensor shifting time: 0.0010989s
Initial density maximization time: 0.003401s
Initial sub-pattern discarding time: 0s
Nb of density-maximized patterns: 20
Further growing time: 4.1e-06s
Nb of grown patterns: 20
Amalgamation initialization time: 0.0001576s
Amalgamation time: 0.0001789s
Nb of patterns candidates for selection: 56
Numeric precision: 4.48033e-09
Tensor reduction time: 2.02e-05s
Nb of selected patterns: 5
AICc: 16366.8290581
Selection time: 0.0001544s
Total time: 0.023183s

Truncated quality:1.0

Quality:1.0
