Memory (kb): 1984
Tensor parsing time: 0.0148712s
Numeric precision: 7.26942e-09
Tensor shifting time: 0.0011727s
Initial density maximization time: 0.0023972s
Initial sub-pattern discarding time: 0s
Nb of density-maximized patterns: 2
Further growing time: 6.4e-06s
Nb of grown patterns: 2
Amalgamation initialization time: 5.7e-06s
Amalgamation time: 7.8e-06s
Nb of patterns candidates for selection: 5
Numeric precision: 1.88833e-09
Tensor reduction time: 1.3e-05s
Nb of selected patterns: 3
AICc: 22430.3916832
Selection time: 4.8e-05s
Total time: 0.0223997s

Truncated quality:0.06493506493506493

Quality:0.06493506493506493
