Memory (kb): 1948
Tensor parsing time: 0.214284s
Numeric precision: 2.72279e-07
Tensor shifting time: 0.0106294s
Initial density maximization time: 0.0033538s
Initial sub-pattern discarding time: 0s
Nb of density-maximized patterns: 17
Further growing time: 4.7e-06s
Nb of grown patterns: 17
Amalgamation initialization time: 0.0003581s
Amalgamation time: 0.0009196s
Nb of patterns candidates for selection: 33
Numeric precision: 1.63337e-07
Tensor reduction time: 0.0004923s
Nb of selected patterns: 13
AICc: 527432.351554
Selection time: 0.0047444s
Total time: 0.2393621s

Truncated quality:0.0171257314114457

Quality:0.0171257314114457
