Memory (kb): 2000
Tensor parsing time: 0.0142026s
Numeric precision: 5.22928e-09
Tensor shifting time: 0.0011212s
Initial density maximization time: 0.0027024s
Initial sub-pattern discarding time: 0s
Nb of density-maximized patterns: 5
Further growing time: 5.3e-06s
Nb of grown patterns: 5
Amalgamation initialization time: 1.55e-05s
Amalgamation time: 2.77e-05s
Nb of patterns candidates for selection: 9
Numeric precision: 4.80552e-09
Tensor reduction time: 2.79e-05s
Nb of selected patterns: 5
AICc: 14667.7867492
Selection time: 7.94e-05s
Total time: 0.0226111s

Truncated quality:1.0

Quality:1.0
