Memory (kb): 2016
Tensor parsing time: 0.0456958s
Numeric precision: 1.19294e-08
Tensor shifting time: 0.0031018s
Initial density maximization time: 0.0033289s
Initial sub-pattern discarding time: 0s
Nb of density-maximized patterns: 21
Further growing time: 4e-06s
Nb of grown patterns: 21
Amalgamation initialization time: 0.0001521s
Amalgamation time: 0.0002081s
Nb of patterns candidates for selection: 52
Numeric precision: 3.21349e-09
Tensor reduction time: 2.07e-05s
Nb of selected patterns: 8
AICc: 105518.018414
Selection time: 0.0001816s
Total time: 0.0573115s

Truncated quality:0.782608695652174

Quality:0.7453416149068323
