Memory (kb): 2016
Tensor parsing time: 0.0126043s
Numeric precision: 6.40779e-09
Tensor shifting time: 0.001133s
Initial density maximization time: 0.0030565s
Initial sub-pattern discarding time: 0s
Nb of density-maximized patterns: 7
Further growing time: 4.1e-06s
Nb of grown patterns: 7
Amalgamation initialization time: 2.53e-05s
Amalgamation time: 4.14e-05s
Nb of patterns candidates for selection: 14
Numeric precision: 6.16156e-09
Tensor reduction time: 2.53e-05s
Nb of selected patterns: 5
AICc: 15169.7651459
Selection time: 8.96e-05s
Total time: 0.0214953s

Truncated quality:1.0

Quality:1.0
