Memory (kb): 2024
Tensor parsing time: 0.0142235s
Numeric precision: 7.10682e-09
Tensor shifting time: 0.0010166s
Initial density maximization time: 0.0023814s
Initial sub-pattern discarding time: 0s
Nb of density-maximized patterns: 5
Further growing time: 3.4e-06s
Nb of grown patterns: 5
Amalgamation initialization time: 1.56e-05s
Amalgamation time: 2.64e-05s
Nb of patterns candidates for selection: 15
Numeric precision: 6.90435e-09
Tensor reduction time: 2.53e-05s
Nb of selected patterns: 5
AICc: 15176.5848077
Selection time: 0.0001155s
Total time: 0.0211262s

Truncated quality:1.0

Quality:1.0
