Memory (kb): 2060
Tensor parsing time: 0.0481174s
Numeric precision: 9.27101e-09
Tensor shifting time: 0.0029256s
Initial density maximization time: 0.0036826s
Initial sub-pattern discarding time: 0s
Nb of density-maximized patterns: 50
Further growing time: 5.1e-06s
Nb of grown patterns: 50
Amalgamation initialization time: 0.0008085s
Amalgamation time: 0.0005514s
Nb of patterns candidates for selection: 113
Numeric precision: 3.87993e-09
Tensor reduction time: 2.53e-05s
Nb of selected patterns: 6
AICc: 95871.6756845
Selection time: 0.0002568s
Total time: 0.0610144s

Truncated quality:0.9545454545454546

Quality:0.9545454545454546
