Memory (kb): 1996
Tensor parsing time: 0.0460425s
Numeric precision: 1.41715e-08
Tensor shifting time: 0.0028449s
Initial density maximization time: 0.0027152s
Initial sub-pattern discarding time: 0s
Nb of density-maximized patterns: 6
Further growing time: 4.3e-06s
Nb of grown patterns: 6
Amalgamation initialization time: 1.47e-05s
Amalgamation time: 3.93e-05s
Nb of patterns candidates for selection: 11
Numeric precision: 2.27811e-09
Tensor reduction time: 2.76e-05s
Nb of selected patterns: 6
AICc: 111765.800596
Selection time: 0.0001321s
Total time: 0.0558265s

Truncated quality:0.020161290322580645

Quality:0.020161290322580645
