Memory (kb): 1996
Tensor parsing time: 0.0146033s
Numeric precision: 5.15099e-09
Tensor shifting time: 0.0011385s
Initial density maximization time: 0.0033618s
Initial sub-pattern discarding time: 0s
Nb of density-maximized patterns: 6
Further growing time: 4.1e-06s
Nb of grown patterns: 6
Amalgamation initialization time: 1.9e-05s
Amalgamation time: 3.17e-05s
Nb of patterns candidates for selection: 22
Numeric precision: 4.45518e-09
Tensor reduction time: 2.87e-05s
Nb of selected patterns: 5
AICc: 16207.3440275
Selection time: 9.77e-05s
Total time: 0.0237468s

Truncated quality:1.0

Quality:1.0
