Memory (kb): 1948
Tensor parsing time: 0.0453636s
Numeric precision: 1.41927e-08
Tensor shifting time: 0.0029005s
Initial density maximization time: 0.0029382s
Initial sub-pattern discarding time: 0s
Nb of density-maximized patterns: 22
Further growing time: 3.9e-06s
Nb of grown patterns: 22
Amalgamation initialization time: 0.0001444s
Amalgamation time: 0.0003384s
Nb of patterns candidates for selection: 43
Numeric precision: 4.58117e-09
Tensor reduction time: 3.93e-05s
Nb of selected patterns: 21
AICc: 111534.996019
Selection time: 0.0004964s
Total time: 0.0565193s

Truncated quality:0.10227272727272728

Quality:0.05625
