Memory (kb): 1872
Tensor parsing time: 0.0142864s
Numeric precision: 5.16396e-09
Tensor shifting time: 0.0010548s
Initial density maximization time: 0.0027204s
Initial sub-pattern discarding time: 0s
Nb of density-maximized patterns: 4
Further growing time: 7.1e-06s
Nb of grown patterns: 4
Amalgamation initialization time: 1.32e-05s
Amalgamation time: 2.26e-05s
Nb of patterns candidates for selection: 9
Numeric precision: 4.83642e-09
Tensor reduction time: 2.85e-05s
Nb of selected patterns: 5
AICc: 14607.5840958
Selection time: 8.31e-05s
Total time: 0.0222231s

Truncated quality:1.0

Quality:1.0
