Memory (kb): 1992
Tensor parsing time: 0.0129482s
Numeric precision: 7.2565e-09
Tensor shifting time: 0.0009989s
Initial density maximization time: 0.0028555s
Initial sub-pattern discarding time: 0s
Nb of density-maximized patterns: 8
Further growing time: 4e-06s
Nb of grown patterns: 8
Amalgamation initialization time: 2.61e-05s
Amalgamation time: 4.45e-05s
Nb of patterns candidates for selection: 16
Numeric precision: 2.2016e-09
Tensor reduction time: 1.2e-05s
Nb of selected patterns: 6
AICc: 22334.3962141
Selection time: 8.71e-05s
Total time: 0.021067s

Truncated quality:0.23809523809523808

Quality:0.19480519480519481
