Memory (kb): 1912
Tensor parsing time: 0.0142764s
Numeric precision: 6.36011e-09
Tensor shifting time: 0.0010516s
Initial density maximization time: 0.0040807s
Initial sub-pattern discarding time: 0s
Nb of density-maximized patterns: 78
Further growing time: 3.6e-06s
Nb of grown patterns: 78
Amalgamation initialization time: 0.0023577s
Amalgamation time: 0.0023559s
Nb of patterns candidates for selection: 249
Numeric precision: 4.49241e-09
Tensor reduction time: 2.99e-05s
Nb of selected patterns: 15
AICc: 20457.6157845
Selection time: 0.000925s
Total time: 0.0290276s

Truncated quality:1.0

Quality:0.7470355731225297
