Memory (kb): 2012
Tensor parsing time: 0.0141769s
Numeric precision: 5.55976e-09
Tensor shifting time: 0.0010979s
Initial density maximization time: 0.0043253s
Initial sub-pattern discarding time: 0s
Nb of density-maximized patterns: 68
Further growing time: 3.3e-06s
Nb of grown patterns: 68
Amalgamation initialization time: 0.0016821s
Amalgamation time: 0.0006263s
Nb of patterns candidates for selection: 217
Numeric precision: 3.76655e-09
Tensor reduction time: 2.6e-05s
Nb of selected patterns: 6
AICc: 18737.8070255
Selection time: 0.0005135s
Total time: 0.0269232s

Truncated quality:0.9545454545454546

Quality:0.9545454545454546
