Memory (kb): 2060
Tensor parsing time: 0.0454332s
Numeric precision: 1.17353e-08
Tensor shifting time: 0.0029929s
Initial density maximization time: 0.0030848s
Initial sub-pattern discarding time: 0s
Nb of density-maximized patterns: 14
Further growing time: 4.1e-06s
Nb of grown patterns: 14
Amalgamation initialization time: 7.2e-05s
Amalgamation time: 0.0001073s
Nb of patterns candidates for selection: 34
Numeric precision: 3.03726e-09
Tensor reduction time: 1.88e-05s
Nb of selected patterns: 6
AICc: 105142.442388
Selection time: 0.0001217s
Total time: 0.0562116s

Truncated quality:0.5784499054820416

Quality:0.5784499054820416
