Memory (kb): 1984
Tensor parsing time: 0.0139299s
Numeric precision: 6.30236e-09
Tensor shifting time: 0.0011249s
Initial density maximization time: 0.0032577s
Initial sub-pattern discarding time: 0s
Nb of density-maximized patterns: 78
Further growing time: 4.8e-06s
Nb of grown patterns: 78
Amalgamation initialization time: 0.0020391s
Amalgamation time: 0.0018945s
Nb of patterns candidates for selection: 180
Numeric precision: 3.38478e-09
Tensor reduction time: 2.65e-05s
Nb of selected patterns: 19
AICc: 20578.8692684
Selection time: 0.0008497s
Total time: 0.0274681s

Truncated quality:0.9090909090909091

Quality:0.6218181818181818
