Memory (kb): 1924
Tensor parsing time: 0.0470308s
Numeric precision: 1.18321e-08
Tensor shifting time: 0.003134s
Initial density maximization time: 0.0035245s
Initial sub-pattern discarding time: 0s
Nb of density-maximized patterns: 8
Further growing time: 4.3e-06s
Nb of grown patterns: 8
Amalgamation initialization time: 2.59e-05s
Amalgamation time: 5.17e-05s
Nb of patterns candidates for selection: 21
Numeric precision: 2.42521e-09
Tensor reduction time: 2.44e-05s
Nb of selected patterns: 5
AICc: 105566.99199
Selection time: 8.69e-05s
Total time: 0.0585845s

Truncated quality:0.3061594202898551

Quality:0.3061594202898551
