Memory (kb): 1944
Tensor parsing time: 0.0137244s
Numeric precision: 5.16396e-09
Tensor shifting time: 0.0011812s
Initial density maximization time: 0.0030938s
Initial sub-pattern discarding time: 0s
Nb of density-maximized patterns: 5
Further growing time: 3.8e-06s
Nb of grown patterns: 5
Amalgamation initialization time: 1.43e-05s
Amalgamation time: 2.55e-05s
Nb of patterns candidates for selection: 10
Numeric precision: 4.83642e-09
Tensor reduction time: 2.66e-05s
Nb of selected patterns: 5
AICc: 14607.5840958
Selection time: 7.66e-05s
Total time: 0.0226492s

Truncated quality:1.0

Quality:1.0
