Memory (kb): 2036
Tensor parsing time: 0.0139365s
Numeric precision: 5.16604e-09
Tensor shifting time: 0.001654s
Initial density maximization time: 0.0032847s
Initial sub-pattern discarding time: 0s
Nb of density-maximized patterns: 4
Further growing time: 4.7e-06s
Nb of grown patterns: 4
Amalgamation initialization time: 1.05e-05s
Amalgamation time: 1.92e-05s
Nb of patterns candidates for selection: 17
Numeric precision: 4.98629e-09
Tensor reduction time: 2.84e-05s
Nb of selected patterns: 6
AICc: 15376.59436
Selection time: 9.4e-05s
Total time: 0.0234963s

Truncated quality:1.0

Quality:1.0
