Memory (kb): 2028
Tensor parsing time: 0.0140264s
Numeric precision: 6.5337e-09
Tensor shifting time: 0.0011869s
Initial density maximization time: 0.0048036s
Initial sub-pattern discarding time: 0s
Nb of density-maximized patterns: 63
Further growing time: 5.1e-06s
Nb of grown patterns: 63
Amalgamation initialization time: 0.0014734s
Amalgamation time: 0.0006977s
Nb of patterns candidates for selection: 218
Numeric precision: 3.65011e-09
Tensor reduction time: 3.08e-05s
Nb of selected patterns: 15
AICc: 20726.7544761
Selection time: 0.0006452s
Total time: 0.0274442s

Truncated quality:1.0

Quality:0.875
