Memory (kb): 1988
Tensor parsing time: 0.0462383s
Numeric precision: 1.42954e-08
Tensor shifting time: 0.0029788s
Initial density maximization time: 0.912354s
Initial sub-pattern discarding time: 0s
Nb of density-maximized patterns: 6922
Further growing time: 5.1e-06s
Nb of grown patterns: 6922
Amalgamation initialization time: 13.5343s
Amalgamation time: 270.089s
Nb of patterns candidates for selection: 16305
Numeric precision: 1.42954e-08
Tensor reduction time: 0.0015359s
Nb of selected patterns: 431
AICc: 105034.266091
Selection time: 1.7327415s
Total time: 286.3256877s

Truncated quality:0.0759322033898305

Quality:0.010986328125
