Memory (kb): 2048
Tensor parsing time: 0.0147086s
Numeric precision: 5.12973e-09
Tensor shifting time: 0.0010907s
Initial density maximization time: 0.0034247s
Initial sub-pattern discarding time: 0s
Nb of density-maximized patterns: 8
Further growing time: 4.2e-06s
Nb of grown patterns: 8
Amalgamation initialization time: 2.87e-05s
Amalgamation time: 4.59e-05s
Nb of patterns candidates for selection: 55
Numeric precision: 4.66718e-09
Tensor reduction time: 2.93e-05s
Nb of selected patterns: 5
AICc: 15705.0229939
Selection time: 0.0001424s
Total time: 0.0239127s

Truncated quality:1.0

Quality:1.0
