Memory (kb): 2016
Tensor parsing time: 0.0453929s
Numeric precision: 6.98726e-09
Tensor shifting time: 0.0031499s
Initial density maximization time: 0.003123s
Initial sub-pattern discarding time: 0s
Nb of density-maximized patterns: 8
Further growing time: 3.9e-06s
Nb of grown patterns: 8
Amalgamation initialization time: 2.7e-05s
Amalgamation time: 3.61e-05s
Nb of patterns candidates for selection: 20
Numeric precision: 4.54559e-09
Tensor reduction time: 3.31e-05s
Nb of selected patterns: 6
AICc: 82817.7065639
Selection time: 0.0001032s
Total time: 0.0561136s

Truncated quality:1.0

Quality:1.0
