Memory (kb): 2016
Tensor parsing time: 0.015472s
Numeric precision: 6.67158e-09
Tensor shifting time: 0.0012846s
Initial density maximization time: 0.0041132s
Initial sub-pattern discarding time: 0s
Nb of density-maximized patterns: 29
Further growing time: 4.8e-06s
Nb of grown patterns: 29
Amalgamation initialization time: 0.0003214s
Amalgamation time: 0.0003853s
Nb of patterns candidates for selection: 116
Numeric precision: 4.9733e-09
Tensor reduction time: 2.39e-05s
Nb of selected patterns: 7
AICc: 18826.0569681
Selection time: 0.0002777s
Total time: 0.0267254s

Truncated quality:0.9

Quality:0.9
