Memory (kb): 1944
Tensor parsing time: 0.0548139s
Numeric precision: 5.89819e-09
Tensor shifting time: 0.0028567s
Initial density maximization time: 0.0028891s
Initial sub-pattern discarding time: 0s
Nb of density-maximized patterns: 4
Further growing time: 4.6e-06s
Nb of grown patterns: 4
Amalgamation initialization time: 8.7e-06s
Amalgamation time: 2.82e-05s
Nb of patterns candidates for selection: 7
Numeric precision: 5.00811e-09
Tensor reduction time: 3.3e-05s
Nb of selected patterns: 5
AICc: 67195.3405672
Selection time: 7.34e-05s
Total time: 0.0648776s

Truncated quality:1.0

Quality:1.0
