Memory (kb): 2020
Tensor parsing time: 0.0447966s
Numeric precision: 1.19066e-08
Tensor shifting time: 0.0029519s
Initial density maximization time: 0.0048165s
Initial sub-pattern discarding time: 0s
Nb of density-maximized patterns: 61
Further growing time: 4.6e-06s
Nb of grown patterns: 61
Amalgamation initialization time: 0.001283s
Amalgamation time: 0.001245s
Nb of patterns candidates for selection: 244
Numeric precision: 4.15291e-09
Tensor reduction time: 4.03e-05s
Nb of selected patterns: 17
AICc: 105046.21232
Selection time: 0.000943s
Total time: 0.0604962s

Truncated quality:0.6834319526627219

Quality:0.532258064516129
