Memory (kb): 2052
Tensor parsing time: 0.0136299s
Numeric precision: 6.39852e-09
Tensor shifting time: 0.0011424s
Initial density maximization time: 0.0033245s
Initial sub-pattern discarding time: 0s
Nb of density-maximized patterns: 82
Further growing time: 4.2e-06s
Nb of grown patterns: 82
Amalgamation initialization time: 0.0021542s
Amalgamation time: 0.0016894s
Nb of patterns candidates for selection: 201
Numeric precision: 3.33672e-09
Tensor reduction time: 2.73e-05s
Nb of selected patterns: 11
AICc: 20779.846397
Selection time: 0.0006731s
Total time: 0.0265118s

Truncated quality:0.7954545454545454

Quality:0.7556818181818182
