Memory (kb): 1996
Tensor parsing time: 0.0132896s
Numeric precision: 5.56159e-09
Tensor shifting time: 0.0010463s
Initial density maximization time: 0.0041232s
Initial sub-pattern discarding time: 0s
Nb of density-maximized patterns: 32
Further growing time: 4.7e-06s
Nb of grown patterns: 32
Amalgamation initialization time: 0.0005223s
Amalgamation time: 0.0002625s
Nb of patterns candidates for selection: 153
Numeric precision: 3.80465e-09
Tensor reduction time: 2.47e-05s
Nb of selected patterns: 6
AICc: 18690.729795
Selection time: 0.0003062s
Total time: 0.0242777s

Truncated quality:1.0

Quality:1.0
