Memory (kb): 1944
Tensor parsing time: 0.013952s
Numeric precision: 5.303e-09
Tensor shifting time: 0.0010288s
Initial density maximization time: 0.0032432s
Initial sub-pattern discarding time: 0s
Nb of density-maximized patterns: 16
Further growing time: 4.5e-06s
Nb of grown patterns: 16
Amalgamation initialization time: 0.0001179s
Amalgamation time: 0.0001633s
Nb of patterns candidates for selection: 58
Numeric precision: 4.45409e-09
Tensor reduction time: 2.11e-05s
Nb of selected patterns: 5
AICc: 16225.5236531
Selection time: 0.0001559s
Total time: 0.0229713s

Truncated quality:1.0

Quality:1.0
