Memory (kb): 2016
Tensor parsing time: 0.0127667s
Numeric precision: 7.27234e-09
Tensor shifting time: 0.0011129s
Initial density maximization time: 0.0029038s
Initial sub-pattern discarding time: 0s
Nb of density-maximized patterns: 6
Further growing time: 5.1e-06s
Nb of grown patterns: 6
Amalgamation initialization time: 1.63e-05s
Amalgamation time: 2.79e-05s
Nb of patterns candidates for selection: 13
Numeric precision: 2.4074e-09
Tensor reduction time: 1.11e-05s
Nb of selected patterns: 6
AICc: 22337.7635178
Selection time: 7.93e-05s
Total time: 0.0211006s

Truncated quality:0.22727272727272727

Quality:0.22727272727272727
