Memory (kb): 1988
Tensor parsing time: 0.0452272s
Numeric precision: 6.92208e-09
Tensor shifting time: 0.0029241s
Initial density maximization time: 0.0034829s
Initial sub-pattern discarding time: 0s
Nb of density-maximized patterns: 7
Further growing time: 4.2e-06s
Nb of grown patterns: 7
Amalgamation initialization time: 2.43e-05s
Amalgamation time: 7.12e-05s
Nb of patterns candidates for selection: 51
Numeric precision: 4.47879e-09
Tensor reduction time: 3.58e-05s
Nb of selected patterns: 6
AICc: 81298.1564914
Selection time: 0.0001619s
Total time: 0.056331s

Truncated quality:1.0

Quality:1.0
