Memory (kb): 2052
Tensor parsing time: 0.0133889s
Numeric precision: 6.97149e-09
Tensor shifting time: 0.0010718s
Initial density maximization time: 0.0028978s
Initial sub-pattern discarding time: 0s
Nb of density-maximized patterns: 4
Further growing time: 3.9e-06s
Nb of grown patterns: 4
Amalgamation initialization time: 1.04e-05s
Amalgamation time: 2e-05s
Nb of patterns candidates for selection: 13
Numeric precision: 4.80679e-09
Tensor reduction time: 2.64e-05s
Nb of selected patterns: 5
AICc: 14635.8242517
Selection time: 8.06e-05s
Total time: 0.0217473s

Truncated quality:1.0

Quality:1.0
