Memory (kb): 2048
Tensor parsing time: 0.0444393s
Numeric precision: 1.4229e-08
Tensor shifting time: 0.0028866s
Initial density maximization time: 0.0029788s
Initial sub-pattern discarding time: 0s
Nb of density-maximized patterns: 12
Further growing time: 3.4e-06s
Nb of grown patterns: 12
Amalgamation initialization time: 5.47e-05s
Amalgamation time: 0.0001155s
Nb of patterns candidates for selection: 23
Numeric precision: 3.67694e-09
Tensor reduction time: 2.88e-05s
Nb of selected patterns: 13
AICc: 111739.512792
Selection time: 0.0001788s
Total time: 0.0549869s

Truncated quality:0.020396270396270396

Quality:0.023310023310023312
