Memory (kb): 1884
Tensor parsing time: 0.0488721s
Numeric precision: 1.42412e-08
Tensor shifting time: 0.0030453s
Initial density maximization time: 0.927551s
Initial sub-pattern discarding time: 0s
Nb of density-maximized patterns: 7013
Further growing time: 5.1e-06s
Nb of grown patterns: 7013
Amalgamation initialization time: 13.7862s
Amalgamation time: 284.986s
Nb of patterns candidates for selection: 16626
Numeric precision: 1.42412e-08
Tensor reduction time: 0.0017193s
Nb of selected patterns: 446
AICc: 104836.20887
Selection time: 1.8442036s
Total time: 301.6044027s

Truncated quality:0.03408284023668639

Quality:0.0079345703125
