Memory (kb): 1988
Tensor parsing time: 0.0445754s
Numeric precision: 1.18861e-08
Tensor shifting time: 0.0031081s
Initial density maximization time: 0.0030161s
Initial sub-pattern discarding time: 0s
Nb of density-maximized patterns: 26
Further growing time: 4.1e-06s
Nb of grown patterns: 26
Amalgamation initialization time: 0.0002125s
Amalgamation time: 0.0002437s
Nb of patterns candidates for selection: 53
Numeric precision: 3.40391e-09
Tensor reduction time: 2.08e-05s
Nb of selected patterns: 6
AICc: 105336.281305
Selection time: 0.0001635s
Total time: 0.0555343s

Truncated quality:0.8181818181818182

Quality:0.8181818181818182
