Memory (kb): 2044
Tensor parsing time: 0.0131227s
Numeric precision: 5.53284e-09
Tensor shifting time: 0.001097s
Initial density maximization time: 0.0036002s
Initial sub-pattern discarding time: 0s
Nb of density-maximized patterns: 56
Further growing time: 4e-06s
Nb of grown patterns: 56
Amalgamation initialization time: 0.0009888s
Amalgamation time: 0.0006944s
Nb of patterns candidates for selection: 140
Numeric precision: 3.73492e-09
Tensor reduction time: 2.29e-05s
Nb of selected patterns: 6
AICc: 18706.8991483
Selection time: 0.000277s
Total time: 0.0239167s

Truncated quality:0.9523809523809523

Quality:0.9523809523809523
