Memory (kb): 2012
Tensor parsing time: 0.216751s
Numeric precision: 2.92423e-07
Tensor shifting time: 0.0106334s
Initial density maximization time: 39.4884s
Initial sub-pattern discarding time: 0s
Nb of density-maximized patterns: 12152
Further growing time: 8.9e-06s
Nb of grown patterns: 12152
Amalgamation initialization time: 346.149s
Amalgamation time: 300.649s
Nb of patterns candidates for selection: 135678
Numeric precision: 2.12266e-07
Tensor reduction time: 0.0555587s
Nb of selected patterns: 37
AICc: 476761.05364
Selection time: 10.2398327s
Total time: 696.8328693s

Truncated quality:0.04260355029585799

Quality:0.04260355029585799
