Memory (kb): 1872
Tensor parsing time: 0.0467802s
Numeric precision: 6.91164e-09
Tensor shifting time: 0.003118s
Initial density maximization time: 0.003301s
Initial sub-pattern discarding time: 0s
Nb of density-maximized patterns: 7
Further growing time: 4.8e-06s
Nb of grown patterns: 7
Amalgamation initialization time: 2.23e-05s
Amalgamation time: 3.86e-05s
Nb of patterns candidates for selection: 39
Numeric precision: 4.50444e-09
Tensor reduction time: 3.54e-05s
Nb of selected patterns: 5
AICc: 81298.0461331
Selection time: 0.0001308s
Total time: 0.0576659s

Truncated quality:1.0

Quality:1.0
