Memory (kb): 1880
Tensor parsing time: 0.0437181s
Numeric precision: 6.92208e-09
Tensor shifting time: 0.0027696s
Initial density maximization time: 0.0040076s
Initial sub-pattern discarding time: 0s
Nb of density-maximized patterns: 31
Further growing time: 3.8e-06s
Nb of grown patterns: 31
Amalgamation initialization time: 0.0003398s
Amalgamation time: 0.0001856s
Nb of patterns candidates for selection: 112
Numeric precision: 4.47879e-09
Tensor reduction time: 2.32e-05s
Nb of selected patterns: 6
AICc: 81297.1063176
Selection time: 0.0002458s
Total time: 0.0557316s

Truncated quality:1.0

Quality:1.0
