Memory (kb): 2008
Tensor parsing time: 0.0449307s
Numeric precision: 6.09898e-09
Tensor shifting time: 0.0028859s
Initial density maximization time: 0.002987s
Initial sub-pattern discarding time: 0s
Nb of density-maximized patterns: 4
Further growing time: 4.2e-06s
Nb of grown patterns: 4
Amalgamation initialization time: 9.3e-06s
Amalgamation time: 2.88e-05s
Nb of patterns candidates for selection: 11
Numeric precision: 5.02809e-09
Tensor reduction time: 3.15e-05s
Nb of selected patterns: 5
AICc: 68771.6606543
Selection time: 0.000106s
Total time: 0.055459s

Truncated quality:1.0

Quality:1.0
