Memory (kb): 2048
Tensor parsing time: 0.0135449s
Numeric precision: 5.57451e-09
Tensor shifting time: 0.0011293s
Initial density maximization time: 0.0041241s
Initial sub-pattern discarding time: 0s
Nb of density-maximized patterns: 49
Further growing time: 4e-06s
Nb of grown patterns: 49
Amalgamation initialization time: 0.0007831s
Amalgamation time: 0.0005013s
Nb of patterns candidates for selection: 168
Numeric precision: 3.92778e-09
Tensor reduction time: 2.41e-05s
Nb of selected patterns: 6
AICc: 18657.3555488
Selection time: 0.0003072s
Total time: 0.024741s

Truncated quality:1.0

Quality:1.0
