Memory (kb): 2000
Tensor parsing time: 0.0459669s
Numeric precision: 6.00575e-09
Tensor shifting time: 0.0028653s
Initial density maximization time: 0.0030077s
Initial sub-pattern discarding time: 0s
Nb of density-maximized patterns: 4
Further growing time: 4.1e-06s
Nb of grown patterns: 4
Amalgamation initialization time: 9.1e-06s
Amalgamation time: 2.77e-05s
Nb of patterns candidates for selection: 10
Numeric precision: 4.94849e-09
Tensor reduction time: 3.19e-05s
Nb of selected patterns: 5
AICc: 66813.3609922
Selection time: 8.06e-05s
Total time: 0.0564088s

Truncated quality:1.0

Quality:1.0
