Memory (kb): 1944
Tensor parsing time: 0.013911s
Numeric precision: 6.72003e-09
Tensor shifting time: 0.0010448s
Initial density maximization time: 0.0027621s
Initial sub-pattern discarding time: 0s
Nb of density-maximized patterns: 31
Further growing time: 4.5e-06s
Nb of grown patterns: 31
Amalgamation initialization time: 0.000362s
Amalgamation time: 0.0005004s
Nb of patterns candidates for selection: 68
Numeric precision: 4.68088e-09
Tensor reduction time: 1.93e-05s
Nb of selected patterns: 5
AICc: 16557.6078865
Selection time: 0.0001694s
Total time: 0.022666s

Truncated quality:1.0

Quality:1.0
