Memory (kb): 2052
Tensor parsing time: 0.0131825s
Numeric precision: 6.39254e-09
Tensor shifting time: 0.0014401s
Initial density maximization time: 0.00324s
Initial sub-pattern discarding time: 0s
Nb of density-maximized patterns: 17
Further growing time: 4.4e-06s
Nb of grown patterns: 17
Amalgamation initialization time: 0.0001067s
Amalgamation time: 0.000117s
Nb of patterns candidates for selection: 41
Numeric precision: 3.18733e-09
Tensor reduction time: 1.72e-05s
Nb of selected patterns: 6
AICc: 20836.9001884
Selection time: 0.0001639s
Total time: 0.0229613s

Truncated quality:0.6991341991341992

Quality:0.6991341991341992
