Memory (kb): 2000
Tensor parsing time: 0.0131517s
Numeric precision: 6.39852e-09
Tensor shifting time: 0.0015716s
Initial density maximization time: 0.0033355s
Initial sub-pattern discarding time: 0s
Nb of density-maximized patterns: 9
Further growing time: 5.9e-06s
Nb of grown patterns: 9
Amalgamation initialization time: 4.31e-05s
Amalgamation time: 7.21e-05s
Nb of patterns candidates for selection: 20
Numeric precision: 2.5373e-09
Tensor reduction time: 1.72e-05s
Nb of selected patterns: 5
AICc: 21103.6903644
Selection time: 0.0001236s
Total time: 0.0242085s

Truncated quality:0.42424242424242425

Quality:0.42424242424242425
