Memory (kb): 1944
Tensor parsing time: 0.045116s
Numeric precision: 5.85797e-09
Tensor shifting time: 0.0028491s
Initial density maximization time: 0.0033159s
Initial sub-pattern discarding time: 0s
Nb of density-maximized patterns: 4
Further growing time: 4.2e-06s
Nb of grown patterns: 4
Amalgamation initialization time: 9.1e-06s
Amalgamation time: 2.93e-05s
Nb of patterns candidates for selection: 10
Numeric precision: 4.95685e-09
Tensor reduction time: 3.65e-05s
Nb of selected patterns: 4
AICc: 62969.0462364
Selection time: 6.95e-05s
Total time: 0.0556627s

Truncated quality:1.0

Quality:1.0
