Memory (kb): 2056
Tensor parsing time: 0.0134315s
Numeric precision: 6.37982e-09
Tensor shifting time: 0.0010397s
Initial density maximization time: 0.0056728s
Initial sub-pattern discarding time: 0s
Nb of density-maximized patterns: 126
Further growing time: 4.5e-06s
Nb of grown patterns: 126
Amalgamation initialization time: 0.0065414s
Amalgamation time: 0.0038219s
Nb of patterns candidates for selection: 393
Numeric precision: 3.47637e-09
Tensor reduction time: 3.46e-05s
Nb of selected patterns: 15
AICc: 20662.6177437
Selection time: 0.0013563s
Total time: 0.0361833s

Truncated quality:0.8658008658008658

Quality:0.7012987012987013
