Memory (kb): 1944
Tensor parsing time: 0.0186985s
Numeric precision: 6.3746e-09
Tensor shifting time: 0.001182s
Initial density maximization time: 0.0027848s
Initial sub-pattern discarding time: 0s
Nb of density-maximized patterns: 8
Further growing time: 6.6e-06s
Nb of grown patterns: 8
Amalgamation initialization time: 2.66e-05s
Amalgamation time: 3.94e-05s
Nb of patterns candidates for selection: 20
Numeric precision: 2.32698e-09
Tensor reduction time: 1.22e-05s
Nb of selected patterns: 5
AICc: 21127.6367476
Selection time: 8.34e-05s
Total time: 0.0269003s

Truncated quality:0.3492063492063492

Quality:0.3492063492063492
