Memory (kb): 2052
Tensor parsing time: 0.044867s
Numeric precision: 6.99162e-09
Tensor shifting time: 0.0029288s
Initial density maximization time: 0.003394s
Initial sub-pattern discarding time: 0s
Nb of density-maximized patterns: 15
Further growing time: 4.3e-06s
Nb of grown patterns: 15
Amalgamation initialization time: 0.0001079s
Amalgamation time: 0.0001219s
Nb of patterns candidates for selection: 32
Numeric precision: 4.72101e-09
Tensor reduction time: 4.38e-05s
Nb of selected patterns: 5
AICc: 81565.4919654
Selection time: 0.0001311s
Total time: 0.0561227s

Truncated quality:1.0

Quality:1.0
