Memory (kb): 1876
Tensor parsing time: 0.0163248s
Numeric precision: 5.79431e-09
Tensor shifting time: 0.0010943s
Initial density maximization time: 0.0043042s
Initial sub-pattern discarding time: 0s
Nb of density-maximized patterns: 32
Further growing time: 6.4e-06s
Nb of grown patterns: 32
Amalgamation initialization time: 0.0005411s
Amalgamation time: 0.0003057s
Nb of patterns candidates for selection: 147
Numeric precision: 4.25152e-09
Tensor reduction time: 3.79e-05s
Nb of selected patterns: 5
AICc: 18566.7843859
Selection time: 0.0003692s
Total time: 0.0279448s

Truncated quality:1.0

Quality:1.0
