Memory (kb): 2044
Tensor parsing time: 0.0135798s
Numeric precision: 7.47597e-09
Tensor shifting time: 0.0010912s
Initial density maximization time: 0.0032667s
Initial sub-pattern discarding time: 0s
Nb of density-maximized patterns: 4
Further growing time: 3.7e-06s
Nb of grown patterns: 4
Amalgamation initialization time: 8.8e-06s
Amalgamation time: 1.99e-05s
Nb of patterns candidates for selection: 26
Numeric precision: 4.82451e-09
Tensor reduction time: 2.77e-05s
Nb of selected patterns: 6
AICc: 15342.6837282
Selection time: 0.0001079s
Total time: 0.0228763s

Truncated quality:1.0

Quality:1.0
