Memory (kb): 1872
Tensor parsing time: 0.0136362s
Numeric precision: 7.26033e-09
Tensor shifting time: 0.0011524s
Initial density maximization time: 0.002974s
Initial sub-pattern discarding time: 0s
Nb of density-maximized patterns: 3
Further growing time: 4.3e-06s
Nb of grown patterns: 3
Amalgamation initialization time: 5.7e-06s
Amalgamation time: 8.5e-06s
Nb of patterns candidates for selection: 5
Numeric precision: 1.25654e-09
Tensor reduction time: 8.3e-06s
Nb of selected patterns: 2
AICc: 22415.8624996
Selection time: 3.54e-05s
Total time: 0.0223324s

Truncated quality:0.039525691699604744

Quality:0.039525691699604744
