Memory (kb): 2052
Tensor parsing time: 0.220045s
Numeric precision: 2.84907e-07
Tensor shifting time: 0.010508s
Initial density maximization time: 31.9217s
Initial sub-pattern discarding time: 0s
Nb of density-maximized patterns: 10491
Further growing time: 5.9e-06s
Nb of grown patterns: 10491
Amalgamation initialization time: 246.262s
Amalgamation time: 195.783s
Nb of patterns candidates for selection: 132662
Numeric precision: 2.50827e-07
Tensor reduction time: 0.0570278s
Nb of selected patterns: 33
AICc: 476706.198767
Selection time: 8.797029s
Total time: 483.0713047s

Truncated quality:0.04623947481090338

Quality:0.04623947481090338
