Memory (kb): 2044
Tensor parsing time: 0.0137733s
Numeric precision: 6.10835e-09
Tensor shifting time: 0.001023s
Initial density maximization time: 0.0037234s
Initial sub-pattern discarding time: 0s
Nb of density-maximized patterns: 16
Further growing time: 3.5e-06s
Nb of grown patterns: 16
Amalgamation initialization time: 0.0001056s
Amalgamation time: 6.31e-05s
Nb of patterns candidates for selection: 156
Numeric precision: 4.32685e-09
Tensor reduction time: 2.25e-05s
Nb of selected patterns: 6
AICc: 16263.7262077
Selection time: 0.0003126s
Total time: 0.0229114s

Truncated quality:1.0

Quality:1.0
