Memory (kb): 1940
Tensor parsing time: 0.213706s
Numeric precision: 2.73349e-07
Tensor shifting time: 0.0106685s
Initial density maximization time: 0.0032241s
Initial sub-pattern discarding time: 0s
Nb of density-maximized patterns: 16
Further growing time: 4.7e-06s
Nb of grown patterns: 16
Amalgamation initialization time: 0.0003387s
Amalgamation time: 0.0009339s
Nb of patterns candidates for selection: 31
Numeric precision: 1.43319e-07
Tensor reduction time: 0.0004169s
Nb of selected patterns: 16
AICc: 524311.156065
Selection time: 0.0048042s
Total time: 0.2650356s

Truncated quality:0.04564666103127642

Quality:0.04564666103127642
