Memory (kb): 2044
Tensor parsing time: 0.0137375s
Numeric precision: 6.32346e-09
Tensor shifting time: 0.0010658s
Initial density maximization time: 0.0037522s
Initial sub-pattern discarding time: 0s
Nb of density-maximized patterns: 56
Further growing time: 4.7e-06s
Nb of grown patterns: 56
Amalgamation initialization time: 0.0011024s
Amalgamation time: 0.0009703s
Nb of patterns candidates for selection: 155
Numeric precision: 3.34798e-09
Tensor reduction time: 2.34e-05s
Nb of selected patterns: 14
AICc: 20522.6905393
Selection time: 0.000555s
Total time: 0.025526s

Truncated quality:0.8608695652173913

Quality:0.825
