Memory (kb): 2048
Tensor parsing time: 0.0129261s
Numeric precision: 5.08706e-09
Tensor shifting time: 0.0011983s
Initial density maximization time: 0.0039397s
Initial sub-pattern discarding time: 0s
Nb of density-maximized patterns: 27
Further growing time: 4.7e-06s
Nb of grown patterns: 27
Amalgamation initialization time: 0.0002764s
Amalgamation time: 0.0001111s
Nb of patterns candidates for selection: 138
Numeric precision: 4.30512e-09
Tensor reduction time: 2.46e-05s
Nb of selected patterns: 6
AICc: 16648.0194524
Selection time: 0.0003138s
Total time: 0.0234613s

Truncated quality:1.0

Quality:1.0
