Memory (kb): 1876
Tensor parsing time: 0.022397s
Numeric precision: 5.62817e-09
Tensor shifting time: 0.0015587s
Initial density maximization time: 0.0043632s
Initial sub-pattern discarding time: 0s
Nb of density-maximized patterns: 21
Further growing time: 5.6e-06s
Nb of grown patterns: 21
Amalgamation initialization time: 0.0002884s
Amalgamation time: 0.0001505s
Nb of patterns candidates for selection: 110
Numeric precision: 4.79889e-09
Tensor reduction time: 2.91e-05s
Nb of selected patterns: 5
AICc: 16595.2461565
Selection time: 0.0003188s
Total time: 0.0336101s

Truncated quality:1.0

Quality:1.0
