Memory (kb): 2012
Tensor parsing time: 0.0143374s
Numeric precision: 5.48668e-09
Tensor shifting time: 0.0011033s
Initial density maximization time: 0.0033053s
Initial sub-pattern discarding time: 0s
Nb of density-maximized patterns: 36
Further growing time: 3.7e-06s
Nb of grown patterns: 36
Amalgamation initialization time: 0.0004204s
Amalgamation time: 0.000444s
Nb of patterns candidates for selection: 86
Numeric precision: 3.6708e-09
Tensor reduction time: 2.07e-05s
Nb of selected patterns: 7
AICc: 18746.8347802
Selection time: 0.0002157s
Total time: 0.023955s

Truncated quality:0.9090909090909091

Quality:0.9090909090909091
