Memory (kb): 2052
Tensor parsing time: 0.0149196s
Numeric precision: 6.96174e-09
Tensor shifting time: 0.0010827s
Initial density maximization time: 0.0047341s
Initial sub-pattern discarding time: 0s
Nb of density-maximized patterns: 36
Further growing time: 4.9e-06s
Nb of grown patterns: 36
Amalgamation initialization time: 0.000531s
Amalgamation time: 0.0001272s
Nb of patterns candidates for selection: 177
Numeric precision: 4.36106e-09
Tensor reduction time: 2.63e-05s
Nb of selected patterns: 6
AICc: 15935.646264
Selection time: 0.000329s
Total time: 0.0264053s

Truncated quality:1.0

Quality:1.0
