Memory (kb): 1952
Tensor parsing time: 0.0444988s
Numeric precision: 9.21209e-09
Tensor shifting time: 0.0028323s
Initial density maximization time: 0.0039408s
Initial sub-pattern discarding time: 0s
Nb of density-maximized patterns: 40
Further growing time: 4.4e-06s
Nb of grown patterns: 40
Amalgamation initialization time: 0.0005533s
Amalgamation time: 0.0002326s
Nb of patterns candidates for selection: 123
Numeric precision: 3.99215e-09
Tensor reduction time: 2.62e-05s
Nb of selected patterns: 7
AICc: 94940.6613456
Selection time: 0.0002618s
Total time: 0.0569999s

Truncated quality:0.9583333333333334

Quality:0.9583333333333334
