Memory (kb): 1872
Tensor parsing time: 0.013145s
Numeric precision: 5.93596e-09
Tensor shifting time: 0.0011254s
Initial density maximization time: 0.0049937s
Initial sub-pattern discarding time: 0s
Nb of density-maximized patterns: 44
Further growing time: 4.1e-06s
Nb of grown patterns: 44
Amalgamation initialization time: 0.0007291s
Amalgamation time: 0.0002877s
Nb of patterns candidates for selection: 216
Numeric precision: 3.78496e-09
Tensor reduction time: 2.85e-05s
Nb of selected patterns: 6
AICc: 18419.4910691
Selection time: 0.0004445s
Total time: 0.0251888s

Truncated quality:1.0

Quality:1.0
