Memory (kb): 1880
Tensor parsing time: 0.0452013s
Numeric precision: 7.00085e-09
Tensor shifting time: 0.0029441s
Initial density maximization time: 0.0031288s
Initial sub-pattern discarding time: 0s
Nb of density-maximized patterns: 5
Further growing time: 4.6e-06s
Nb of grown patterns: 5
Amalgamation initialization time: 1.44e-05s
Amalgamation time: 3.72e-05s
Nb of patterns candidates for selection: 21
Numeric precision: 4.59712e-09
Tensor reduction time: 3.34e-05s
Nb of selected patterns: 5
AICc: 82210.744872
Selection time: 0.0001025s
Total time: 0.0559227s

Truncated quality:1.0

Quality:1.0
